2024-05-31 23:48:35.231 [info] Extension host with pid 136 started
2024-05-31 23:48:35.245 [info] Lock '/workspace/.vscode-remote/data/User/workspaceStorage/-5abff5e0/vscode.lock': Lock acquired.
2024-05-31 23:48:35.316 [info] ExtensionService#_doActivateExtension gitpod.gitpod-web, startup: false, activationEvent: 'onAuthenticationRequest:gitpod'
2024-05-31 23:48:35.640 [info] ExtensionService#_doActivateExtension vscode.git-base, startup: true, activationEvent: '*', root cause: vscode.git
2024-05-31 23:48:35.648 [info] ExtensionService#_doActivateExtension vscode.npm, startup: true, activationEvent: 'workspaceContains:package.json'
2024-05-31 23:48:35.750 [info] ExtensionService#_doActivateExtension vscode.git, startup: true, activationEvent: '*'
2024-05-31 23:48:35.750 [info] ExtensionService#_doActivateExtension vscode.github, startup: true, activationEvent: '*'
2024-05-31 23:48:35.991 [info] Eager extensions activated
2024-05-31 23:48:35.992 [info] ExtensionService#_doActivateExtension vscode.debug-auto-launch, startup: false, activationEvent: 'onStartupFinished'
2024-05-31 23:48:35.992 [info] ExtensionService#_doActivateExtension vscode.merge-conflict, startup: false, activationEvent: 'onStartupFinished'
2024-05-31 23:48:35.992 [info] ExtensionService#_doActivateExtension vscode.github-authentication, startup: false, activationEvent: 'onStartupFinished', root cause: GitHub.vscode-pull-request-github
2024-05-31 23:48:36.268 [info] ExtensionService#_doActivateExtension redhat.vscode-yaml, startup: false, activationEvent: 'onLanguage:yaml'
2024-05-31 23:48:36.269 [info] ExtensionService#_doActivateExtension vscode.emmet, startup: false, activationEvent: 'onLanguage'
2024-05-31 23:48:36.387 [info] ExtensionService#_doActivateExtension GitHub.vscode-pull-request-github, startup: false, activationEvent: 'onStartupFinished'
2024-05-31 23:48:36.585 [info] ExtensionService#_doActivateExtension vscode.simple-browser, startup: false, activationEvent: 'onCommand:simpleBrowser.api.open'
2024-05-31 23:48:36.801 [warning] [redhat.vscode-yaml] Accessing a resource scoped configuration without providing a resource is not expected. To get the effective value for '[yaml]', provide the URI of a resource or 'null' for any resource.
2024-05-31 23:48:36.802 [warning] [redhat.vscode-yaml] Accessing a resource scoped configuration without providing a resource is not expected. To get the effective value for '[yaml]', provide the URI of a resource or 'null' for any resource.
2024-05-31 23:52:49.820 [info] ExtensionService#_doActivateExtension vscode.html-language-features, startup: false, activationEvent: 'onLanguage:html'
2024-05-31 23:56:24.405 [info] ExtensionService#_doActivateExtension vscode.typescript-language-features, startup: false, activationEvent: 'onLanguage:javascript'
2024-06-01 00:02:41.424 [error] [vscode.typescript-language-features] provider FAILED
2024-06-01 00:02:41.424 [error] Error: <semantic> TypeScript Server Error (5.4.5)
No Project.
Error: No Project.
    at Object.ThrowNoProject (/ide/extensions/node_modules/typescript/lib/tsserver.js:177487:11)
    at ScriptInfo.getDefaultProject (/ide/extensions/node_modules/typescript/lib/tsserver.js:178240:23)
    at _ProjectService.doEnsureDefaultProjectForFile (/ide/extensions/node_modules/typescript/lib/tsserver.js:181597:36)
    at _ProjectService.ensureDefaultProjectForFile (/ide/extensions/node_modules/typescript/lib/tsserver.js:181592:75)
    at IpcIOSession.getFileAndProjectWorker (/ide/extensions/node_modules/typescript/lib/tsserver.js:186627:77)
    at IpcIOSession.getFileAndProject (/ide/extensions/node_modules/typescript/lib/tsserver.js:186613:17)
    at IpcIOSession.getApplicableRefactors (/ide/extensions/node_modules/typescript/lib/tsserver.js:187176:36)
    at getApplicableRefactors (/ide/extensions/node_modules/typescript/lib/tsserver.js:185405:43)
    at /ide/extensions/node_modules/typescript/lib/tsserver.js:187569:69
    at IpcIOSession.executeWithRequestId (/ide/extensions/node_modules/typescript/lib/tsserver.js:187561:14)
    at IpcIOSession.executeCommand (/ide/extensions/node_modules/typescript/lib/tsserver.js:187569:29)
    at IpcIOSession.onMessage (/ide/extensions/node_modules/typescript/lib/tsserver.js:187611:51)
    at process.<anonymous> (/ide/extensions/node_modules/typescript/lib/tsserver.js:189220:14)
    at process.emit (node:events:517:28)
    at emit (node:internal/child_process:944:14)
    at process.processTicksAndRejections (node:internal/process/task_queues:83:21)
	at n.create (/ide/extensions/typescript-language-features/dist/extension.js:1:469400)
	at v.dispatchResponse (/ide/extensions/typescript-language-features/dist/extension.js:1:463370)
	at v.dispatchMessage (/ide/extensions/typescript-language-features/dist/extension.js:1:462214)
	at ChildProcess.<anonymous> (/ide/extensions/typescript-language-features/dist/extension.js:1:461707)
	at ChildProcess.emit (node:events:517:28)
	at emit (node:internal/child_process:944:14)
	at process.processTicksAndRejections (node:internal/process/task_queues:83:21)
2024-06-01 00:02:42.425 [error] Error: <semantic> TypeScript Server Error (5.4.5)
No Project.
Error: No Project.
    at Object.ThrowNoProject (/ide/extensions/node_modules/typescript/lib/tsserver.js:177487:11)
    at ScriptInfo.getDefaultProject (/ide/extensions/node_modules/typescript/lib/tsserver.js:178240:23)
    at _ProjectService.doEnsureDefaultProjectForFile (/ide/extensions/node_modules/typescript/lib/tsserver.js:181597:36)
    at _ProjectService.ensureDefaultProjectForFile (/ide/extensions/node_modules/typescript/lib/tsserver.js:181592:75)
    at IpcIOSession.getFileAndProjectWorker (/ide/extensions/node_modules/typescript/lib/tsserver.js:186627:77)
    at IpcIOSession.getProjectInfoWorker (/ide/extensions/node_modules/typescript/lib/tsserver.js:186427:30)
    at IpcIOSession.getProjectInfo (/ide/extensions/node_modules/typescript/lib/tsserver.js:186418:17)
    at projectInfo (/ide/extensions/node_modules/typescript/lib/tsserver.js:185358:43)
    at /ide/extensions/node_modules/typescript/lib/tsserver.js:187569:69
    at IpcIOSession.executeWithRequestId (/ide/extensions/node_modules/typescript/lib/tsserver.js:187561:14)
    at IpcIOSession.executeCommand (/ide/extensions/node_modules/typescript/lib/tsserver.js:187569:29)
    at IpcIOSession.onMessage (/ide/extensions/node_modules/typescript/lib/tsserver.js:187611:51)
    at process.<anonymous> (/ide/extensions/node_modules/typescript/lib/tsserver.js:189220:14)
    at process.emit (node:events:517:28)
    at emit (node:internal/child_process:944:14)
    at process.processTicksAndRejections (node:internal/process/task_queues:83:21)
	at n.create (/ide/extensions/typescript-language-features/dist/extension.js:1:469400)
	at v.dispatchResponse (/ide/extensions/typescript-language-features/dist/extension.js:1:463370)
	at v.dispatchMessage (/ide/extensions/typescript-language-features/dist/extension.js:1:462214)
	at ChildProcess.<anonymous> (/ide/extensions/typescript-language-features/dist/extension.js:1:461707)
	at ChildProcess.emit (node:events:517:28)
	at emit (node:internal/child_process:944:14)
	at process.processTicksAndRejections (node:internal/process/task_queues:83:21)
2024-06-01 00:06:52.932 [error] [vscode.typescript-language-features] provider FAILED
2024-06-01 00:06:52.932 [error] Error: <semantic> TypeScript Server Error (5.4.5)
No Project.
Error: No Project.
    at Object.ThrowNoProject (/ide/extensions/node_modules/typescript/lib/tsserver.js:177487:11)
    at ScriptInfo.getDefaultProject (/ide/extensions/node_modules/typescript/lib/tsserver.js:178240:23)
    at _ProjectService.doEnsureDefaultProjectForFile (/ide/extensions/node_modules/typescript/lib/tsserver.js:181597:36)
    at _ProjectService.ensureDefaultProjectForFile (/ide/extensions/node_modules/typescript/lib/tsserver.js:181592:75)
    at IpcIOSession.getFileAndProjectWorker (/ide/extensions/node_modules/typescript/lib/tsserver.js:186627:77)
    at IpcIOSession.getFileAndProject (/ide/extensions/node_modules/typescript/lib/tsserver.js:186613:17)
    at IpcIOSession.getApplicableRefactors (/ide/extensions/node_modules/typescript/lib/tsserver.js:187176:36)
    at getApplicableRefactors (/ide/extensions/node_modules/typescript/lib/tsserver.js:185405:43)
    at /ide/extensions/node_modules/typescript/lib/tsserver.js:187569:69
    at IpcIOSession.executeWithRequestId (/ide/extensions/node_modules/typescript/lib/tsserver.js:187561:14)
    at IpcIOSession.executeCommand (/ide/extensions/node_modules/typescript/lib/tsserver.js:187569:29)
    at IpcIOSession.onMessage (/ide/extensions/node_modules/typescript/lib/tsserver.js:187611:51)
    at process.<anonymous> (/ide/extensions/node_modules/typescript/lib/tsserver.js:189220:14)
    at process.emit (node:events:517:28)
    at emit (node:internal/child_process:944:14)
    at process.processTicksAndRejections (node:internal/process/task_queues:83:21)
	at n.create (/ide/extensions/typescript-language-features/dist/extension.js:1:469400)
	at v.dispatchResponse (/ide/extensions/typescript-language-features/dist/extension.js:1:463370)
	at v.dispatchMessage (/ide/extensions/typescript-language-features/dist/extension.js:1:462214)
	at ChildProcess.<anonymous> (/ide/extensions/typescript-language-features/dist/extension.js:1:461707)
	at ChildProcess.emit (node:events:517:28)
	at emit (node:internal/child_process:944:14)
	at process.processTicksAndRejections (node:internal/process/task_queues:83:21)
2024-06-01 00:06:53.931 [error] Error: <semantic> TypeScript Server Error (5.4.5)
No Project.
Error: No Project.
    at Object.ThrowNoProject (/ide/extensions/node_modules/typescript/lib/tsserver.js:177487:11)
    at ScriptInfo.getDefaultProject (/ide/extensions/node_modules/typescript/lib/tsserver.js:178240:23)
    at _ProjectService.doEnsureDefaultProjectForFile (/ide/extensions/node_modules/typescript/lib/tsserver.js:181597:36)
    at _ProjectService.ensureDefaultProjectForFile (/ide/extensions/node_modules/typescript/lib/tsserver.js:181592:75)
    at IpcIOSession.getFileAndProjectWorker (/ide/extensions/node_modules/typescript/lib/tsserver.js:186627:77)
    at IpcIOSession.getProjectInfoWorker (/ide/extensions/node_modules/typescript/lib/tsserver.js:186427:30)
    at IpcIOSession.getProjectInfo (/ide/extensions/node_modules/typescript/lib/tsserver.js:186418:17)
    at projectInfo (/ide/extensions/node_modules/typescript/lib/tsserver.js:185358:43)
    at /ide/extensions/node_modules/typescript/lib/tsserver.js:187569:69
    at IpcIOSession.executeWithRequestId (/ide/extensions/node_modules/typescript/lib/tsserver.js:187561:14)
    at IpcIOSession.executeCommand (/ide/extensions/node_modules/typescript/lib/tsserver.js:187569:29)
    at IpcIOSession.onMessage (/ide/extensions/node_modules/typescript/lib/tsserver.js:187611:51)
    at process.<anonymous> (/ide/extensions/node_modules/typescript/lib/tsserver.js:189220:14)
    at process.emit (node:events:517:28)
    at emit (node:internal/child_process:944:14)
    at process.processTicksAndRejections (node:internal/process/task_queues:83:21)
	at n.create (/ide/extensions/typescript-language-features/dist/extension.js:1:469400)
	at v.dispatchResponse (/ide/extensions/typescript-language-features/dist/extension.js:1:463370)
	at v.dispatchMessage (/ide/extensions/typescript-language-features/dist/extension.js:1:462214)
	at ChildProcess.<anonymous> (/ide/extensions/typescript-language-features/dist/extension.js:1:461707)
	at ChildProcess.emit (node:events:517:28)
	at emit (node:internal/child_process:944:14)
	at process.processTicksAndRejections (node:internal/process/task_queues:83:21)
2024-06-01 00:06:59.767 [info] ExtensionService#_doActivateExtension vscode.css-language-features, startup: false, activationEvent: 'onLanguage:css'
