2024-06-01 20:16:41.600 [info] Log level: Info
2024-06-01 20:16:41.600 [info] VSCODE_MACHINE_ID: eb067cd3-38e1-4948-b839-b9b33b74c166
2024-06-01 20:16:41.600 [info] VSCODE_SESSION_ID: 19fb6a60-cd7f-4ae1-bd29-53296a0b2bb51717272999939
2024-06-01 20:16:41.600 [info] VSCODE_VERSION: 1.89.1
2024-06-01 20:16:41.600 [info] VSCODE_APP_NAME: Gitpod Code
2024-06-01 20:16:41.600 [info] VSCODE_APP_HOST: Gitpod
2024-06-01 20:16:41.600 [info] VSCODE_UI_KIND: web
2024-06-01 20:16:41.600 [info] GITPOD_WORKSPACE_CONTEXT_URL: https://github.com/freecodecamp/boilerplate-project-sudoku-solver
2024-06-01 20:16:41.600 [info] GITPOD_INSTANCE_ID: 4fea8a74-8666-412b-aede-f01a2e2dec92
2024-06-01 20:16:41.600 [info] GITPOD_WORKSPACE_URL: https://freecodecam-boilerplate-1kdcrwiw6un.ws-us114.gitpod.io
2024-06-01 20:16:41.600 [info] Gitpod Web 7ff72a2
2024-06-01 20:16:41.600 [info] Reading sessions from keychain...
2024-06-01 20:16:42.416 [info] Getting sessions for all scopes...
2024-06-01 20:16:42.416 [info] Getting GitHub sessions for all scopes...
2024-06-01 20:16:42.417 [info] Got 1 GitHub sessions for all scopes...
2024-06-01 20:16:42.418 [info] Got stored sessions!
2024-06-01 20:16:42.419 [info] Verified session with the following scopes: function:accessCodeSyncStorage function:closePort function:controlAdmission function:deleteEnvVar function:generateNewGitpodToken function:getDefaultWorkspaceImage function:getEnvVars function:getGitpodTokenScopes function:getIDToken function:getLoggedInUser function:getOpenPorts function:getSupportedWorkspaceClasses function:getTeams function:getToken function:getWorkspace function:getWorkspaceEnvVars function:getWorkspaceOwner function:getWorkspaceTimeout function:getWorkspaceUsers function:guessGitTokenScopes function:isWorkspaceOwner function:openPort function:sendHeartBeat function:setEnvVar function:setWorkspaceTimeout function:stopWorkspace function:takeSnapshot function:trackEvent function:updateGitStatus function:waitForSnapshot resource:contentBlob::*::create/get resource:envVar::freeCodeCamp/boilerplate-project-sudoku-solver::create/get/update/delete resource:gitpodToken::*::create resource:snapshot::ws-freecodecam-boilerplate-1kdcrwiw6un::create resource:token::*::get resource:userStorage::*::create/get/update resource:workspace::freecodecam-boilerplate-1kdcrwiw6un::get/update resource:workspaceInstance::4fea8a74-8666-412b-aede-f01a2e2dec92::get/update/delete
2024-06-01 20:16:42.422 [info] Got 1 verified sessions.
2024-06-01 20:16:42.422 [info] Got 1 sessions for all scopes...
2024-06-01 20:16:42.815 [info] Getting GitHub sessions for all scopes...
2024-06-01 20:16:42.815 [info] Got 1 GitHub sessions for all scopes...
2024-06-01 20:16:43.138 [info] Getting GitHub sessions for all scopes...
2024-06-01 20:16:43.138 [info] Getting sessions for all scopes...
2024-06-01 20:16:43.138 [info] Got 1 GitHub sessions for all scopes...
2024-06-01 20:16:43.138 [info] Got 1 sessions for all scopes...
2024-06-01 20:16:43.142 [info] Getting GitHub sessions for read:user,repo,user:email,workflow...
2024-06-01 20:16:43.142 [info] Got 0 GitHub sessions for read:user,repo,user:email,workflow...
2024-06-01 20:16:43.598 [info] Getting GitHub sessions for project,read:org,read:user,repo,user:email,workflow...
2024-06-01 20:16:43.598 [info] Got 0 GitHub sessions for project,read:org,read:user,repo,user:email,workflow...
2024-06-01 20:16:43.730 [info] Getting GitHub sessions for read:user,repo,user:email,workflow...
2024-06-01 20:16:43.730 [info] Got 0 GitHub sessions for read:user,repo,user:email,workflow...
2024-06-01 20:16:43.897 [info] Getting GitHub sessions for read:user,repo,user:email...
2024-06-01 20:16:43.897 [info] Got 1 GitHub sessions for read:user,repo,user:email...
2024-06-01 20:16:50.715 [info] Getting sessions for function:accessCodeSyncStorage...
2024-06-01 20:16:50.715 [info] Got 1 sessions for function:accessCodeSyncStorage...
2024-06-01 20:49:13.022 [error] cannot maintain connection to supervisor 13 INTERNAL: closed
2024-06-01 20:49:14.024 [error] cannot maintain connection to supervisor 13 INTERNAL: closed
2024-06-01 20:49:15.025 [error] cannot maintain connection to supervisor 13 INTERNAL: closed
2024-06-01 20:49:16.026 [error] cannot maintain connection to supervisor 13 INTERNAL: closed
2024-06-01 20:49:17.030 [error] cannot maintain connection to supervisor 13 INTERNAL: closed
2024-06-01 20:49:18.031 [error] cannot maintain connection to supervisor 13 INTERNAL: closed
2024-06-01 20:49:19.033 [error] cannot maintain connection to supervisor 13 INTERNAL: closed
2024-06-01 20:49:20.035 [error] cannot maintain connection to supervisor 13 INTERNAL: closed
2024-06-01 20:49:21.037 [error] cannot maintain connection to supervisor 13 INTERNAL: closed
2024-06-01 20:49:22.041 [error] cannot maintain connection to supervisor 13 INTERNAL: closed
2024-06-01 20:49:23.043 [error] cannot maintain connection to supervisor 13 INTERNAL: closed
2024-06-01 20:49:24.045 [error] cannot maintain connection to supervisor 13 INTERNAL: closed
2024-06-01 20:49:25.048 [error] cannot maintain connection to supervisor 13 INTERNAL: closed
2024-06-01 20:49:26.051 [error] cannot maintain connection to supervisor 13 INTERNAL: closed
