2024-06-01 05:15:40.323 [info] Extension host with pid 135 started
2024-06-01 05:15:40.323 [error] Error: EEXIST: file already exists, open '/workspace/.vscode-remote/data/User/workspaceStorage/-5abff5e0/vscode.lock'
2024-06-01 05:15:40.326 [info] Lock '/workspace/.vscode-remote/data/User/workspaceStorage/-5abff5e0/vscode.lock': Could not acquire lock, checking if the file is stale.
2024-06-01 05:15:40.326 [info] Lock '/workspace/.vscode-remote/data/User/workspaceStorage/-5abff5e0/vscode.lock': The pid 132 appears to be gone.
2024-06-01 05:15:40.326 [info] Lock '/workspace/.vscode-remote/data/User/workspaceStorage/-5abff5e0/vscode.lock': Deleting a stale lock.
2024-06-01 05:15:40.335 [info] Lock '/workspace/.vscode-remote/data/User/workspaceStorage/-5abff5e0/vscode.lock': Lock acquired.
2024-06-01 05:15:40.675 [info] ExtensionService#_doActivateExtension vscode.simple-browser, startup: false, activationEvent: 'onWebviewPanel:simpleBrowser.view'
2024-06-01 05:15:40.675 [info] ExtensionService#_doActivateExtension vscode.typescript-language-features, startup: false, activationEvent: 'onLanguage:javascript'
2024-06-01 05:15:40.676 [info] ExtensionService#_doActivateExtension vscode.emmet, startup: false, activationEvent: 'onLanguage'
2024-06-01 05:15:40.892 [info] ExtensionService#_doActivateExtension vscode.git-base, startup: true, activationEvent: '*', root cause: vscode.git
2024-06-01 05:15:40.893 [info] ExtensionService#_doActivateExtension gitpod.gitpod-web, startup: true, activationEvent: '*'
2024-06-01 05:15:41.083 [info] ExtensionService#_doActivateExtension vscode.npm, startup: true, activationEvent: 'workspaceContains:package.json'
2024-06-01 05:15:41.256 [info] ExtensionService#_doActivateExtension vscode.git, startup: true, activationEvent: '*'
2024-06-01 05:15:41.256 [info] ExtensionService#_doActivateExtension vscode.github, startup: true, activationEvent: '*'
2024-06-01 05:15:42.652 [info] Eager extensions activated
2024-06-01 05:15:42.653 [info] ExtensionService#_doActivateExtension vscode.debug-auto-launch, startup: false, activationEvent: 'onStartupFinished'
2024-06-01 05:15:42.653 [info] ExtensionService#_doActivateExtension vscode.merge-conflict, startup: false, activationEvent: 'onStartupFinished'
2024-06-01 05:15:42.654 [info] ExtensionService#_doActivateExtension vscode.github-authentication, startup: false, activationEvent: 'onStartupFinished', root cause: GitHub.vscode-pull-request-github
2024-06-01 05:15:43.362 [info] ExtensionService#_doActivateExtension GitHub.vscode-pull-request-github, startup: false, activationEvent: 'onStartupFinished'
2024-06-01 05:15:44.062 [info] ExtensionService#_doActivateExtension redhat.vscode-yaml, startup: false, activationEvent: 'onLanguage:yaml'
2024-06-01 05:15:45.266 [warning] [redhat.vscode-yaml] Accessing a resource scoped configuration without providing a resource is not expected. To get the effective value for '[yaml]', provide the URI of a resource or 'null' for any resource.
2024-06-01 05:15:45.267 [warning] [redhat.vscode-yaml] Accessing a resource scoped configuration without providing a resource is not expected. To get the effective value for '[yaml]', provide the URI of a resource or 'null' for any resource.
