2024-06-01 04:22:47.234 [info] Extension host with pid 132 started
2024-06-01 04:22:47.234 [error] Error: EEXIST: file already exists, open '/workspace/.vscode-remote/data/User/workspaceStorage/-5abff5e0/vscode.lock'
2024-06-01 04:22:47.237 [info] Lock '/workspace/.vscode-remote/data/User/workspaceStorage/-5abff5e0/vscode.lock': Could not acquire lock, checking if the file is stale.
2024-06-01 04:22:47.238 [info] Lock '/workspace/.vscode-remote/data/User/workspaceStorage/-5abff5e0/vscode.lock': The lock looks stale, waiting for 2s.
2024-06-01 04:22:47.363 [info] ExtensionService#_doActivateExtension vscode.typescript-language-features, startup: false, activationEvent: 'onLanguage:javascript'
2024-06-01 04:22:47.364 [info] ExtensionService#_doActivateExtension vscode.emmet, startup: false, activationEvent: 'onLanguage'
2024-06-01 04:22:47.364 [info] ExtensionService#_doActivateExtension vscode.simple-browser, startup: false, activationEvent: 'onWebviewPanel:simpleBrowser.view'
2024-06-01 04:22:48.366 [info] ExtensionService#_doActivateExtension vscode.git-base, startup: true, activationEvent: '*', root cause: vscode.git
2024-06-01 04:22:48.366 [info] ExtensionService#_doActivateExtension gitpod.gitpod-web, startup: true, activationEvent: '*'
2024-06-01 04:22:48.497 [info] ExtensionService#_doActivateExtension vscode.npm, startup: true, activationEvent: 'workspaceContains:package.json'
2024-06-01 04:22:49.238 [info] Lock '/workspace/.vscode-remote/data/User/workspaceStorage/-5abff5e0/vscode.lock': The lock looks stale even after waiting for 2s.
2024-06-01 04:22:49.238 [info] Lock '/workspace/.vscode-remote/data/User/workspaceStorage/-5abff5e0/vscode.lock': Deleting a stale lock.
2024-06-01 04:22:49.241 [info] Lock '/workspace/.vscode-remote/data/User/workspaceStorage/-5abff5e0/vscode.lock': Lock acquired.
2024-06-01 04:22:49.404 [info] ExtensionService#_doActivateExtension vscode.git, startup: true, activationEvent: '*'
2024-06-01 04:22:49.412 [info] ExtensionService#_doActivateExtension vscode.github, startup: true, activationEvent: '*'
2024-06-01 04:22:50.306 [info] Eager extensions activated
2024-06-01 04:22:50.306 [info] ExtensionService#_doActivateExtension vscode.debug-auto-launch, startup: false, activationEvent: 'onStartupFinished'
2024-06-01 04:22:50.307 [info] ExtensionService#_doActivateExtension vscode.merge-conflict, startup: false, activationEvent: 'onStartupFinished'
2024-06-01 04:22:50.307 [info] ExtensionService#_doActivateExtension vscode.github-authentication, startup: false, activationEvent: 'onStartupFinished', root cause: GitHub.vscode-pull-request-github
2024-06-01 04:22:51.895 [info] ExtensionService#_doActivateExtension GitHub.vscode-pull-request-github, startup: false, activationEvent: 'onStartupFinished'
2024-06-01 04:22:52.312 [info] ExtensionService#_doActivateExtension redhat.vscode-yaml, startup: false, activationEvent: 'onLanguage:yaml'
2024-06-01 04:22:53.206 [warning] [redhat.vscode-yaml] Accessing a resource scoped configuration without providing a resource is not expected. To get the effective value for '[yaml]', provide the URI of a resource or 'null' for any resource.
2024-06-01 04:22:53.208 [warning] [redhat.vscode-yaml] Accessing a resource scoped configuration without providing a resource is not expected. To get the effective value for '[yaml]', provide the URI of a resource or 'null' for any resource.
