2024-06-01 04:22:50.202 [info] Log level: Info
2024-06-01 04:22:50.294 [info] VSCODE_MACHINE_ID: eb067cd3-38e1-4948-b839-b9b33b74c166
2024-06-01 04:22:50.294 [info] VSCODE_SESSION_ID: 9a3cb98a-348a-496f-a296-53739f5b43891717215767204
2024-06-01 04:22:50.294 [info] VSCODE_VERSION: 1.89.1
2024-06-01 04:22:50.294 [info] VSCODE_APP_NAME: Gitpod Code
2024-06-01 04:22:50.294 [info] VSCODE_APP_HOST: Gitpod
2024-06-01 04:22:50.294 [info] VSCODE_UI_KIND: web
2024-06-01 04:22:50.294 [info] GITPOD_WORKSPACE_CONTEXT_URL: https://github.com/freecodecamp/boilerplate-project-sudoku-solver
2024-06-01 04:22:50.294 [info] GITPOD_INSTANCE_ID: 7768c754-e795-467b-8732-c453b0e83c62
2024-06-01 04:22:50.294 [info] GITPOD_WORKSPACE_URL: https://freecodecam-boilerplate-1kdcrwiw6un.ws-us114.gitpod.io
2024-06-01 04:22:50.302 [info] Gitpod Web 7ff72a2
2024-06-01 04:22:50.302 [info] Reading sessions from keychain...
2024-06-01 04:22:51.889 [info] Getting sessions for all scopes...
2024-06-01 04:22:51.889 [info] Getting GitHub sessions for all scopes...
2024-06-01 04:22:51.889 [info] Getting sessions for function:accessCodeSyncStorage...
2024-06-01 04:22:51.889 [info] Got 1 GitHub sessions for all scopes...
2024-06-01 04:22:51.891 [info] Got stored sessions!
2024-06-01 04:22:51.891 [info] Verified session with the following scopes: function:accessCodeSyncStorage function:closePort function:controlAdmission function:deleteEnvVar function:generateNewGitpodToken function:getDefaultWorkspaceImage function:getEnvVars function:getGitpodTokenScopes function:getIDToken function:getLoggedInUser function:getOpenPorts function:getSupportedWorkspaceClasses function:getTeams function:getToken function:getWorkspace function:getWorkspaceEnvVars function:getWorkspaceOwner function:getWorkspaceTimeout function:getWorkspaceUsers function:guessGitTokenScopes function:isWorkspaceOwner function:openPort function:sendHeartBeat function:setEnvVar function:setWorkspaceTimeout function:stopWorkspace function:takeSnapshot function:trackEvent function:updateGitStatus function:waitForSnapshot resource:contentBlob::*::create/get resource:envVar::freeCodeCamp/boilerplate-project-sudoku-solver::create/get/update/delete resource:gitpodToken::*::create resource:snapshot::ws-freecodecam-boilerplate-1kdcrwiw6un::create resource:token::*::get resource:userStorage::*::create/get/update resource:workspace::freecodecam-boilerplate-1kdcrwiw6un::get/update resource:workspaceInstance::7768c754-e795-467b-8732-c453b0e83c62::get/update/delete
2024-06-01 04:22:51.894 [info] Got 1 verified sessions.
2024-06-01 04:22:51.894 [info] Got 1 sessions for all scopes...
2024-06-01 04:22:51.894 [info] Got 1 sessions for function:accessCodeSyncStorage...
2024-06-01 04:22:52.117 [info] Getting GitHub sessions for all scopes...
2024-06-01 04:22:52.117 [info] Got 1 GitHub sessions for all scopes...
2024-06-01 04:22:52.509 [info] Getting GitHub sessions for all scopes...
2024-06-01 04:22:52.509 [info] Getting sessions for all scopes...
2024-06-01 04:22:52.509 [info] Got 1 GitHub sessions for all scopes...
2024-06-01 04:22:52.509 [info] Got 1 sessions for all scopes...
2024-06-01 04:22:52.618 [info] Getting GitHub sessions for read:user,repo,user:email,workflow...
2024-06-01 04:22:52.618 [info] Got 0 GitHub sessions for read:user,repo,user:email,workflow...
2024-06-01 04:22:52.723 [info] Getting GitHub sessions for project,read:org,read:user,repo,user:email,workflow...
2024-06-01 04:22:52.723 [info] Got 0 GitHub sessions for project,read:org,read:user,repo,user:email,workflow...
2024-06-01 04:22:52.883 [info] Getting GitHub sessions for read:user,repo,user:email,workflow...
2024-06-01 04:22:52.883 [info] Got 0 GitHub sessions for read:user,repo,user:email,workflow...
2024-06-01 04:22:53.019 [info] Getting GitHub sessions for read:user,repo,user:email...
2024-06-01 04:22:53.019 [info] Got 1 GitHub sessions for read:user,repo,user:email...
2024-06-01 05:07:53.218 [error] cannot maintain connection to supervisor 13 INTERNAL: closed
2024-06-01 05:07:54.220 [error] cannot maintain connection to supervisor 13 INTERNAL: closed
2024-06-01 05:07:55.222 [error] cannot maintain connection to supervisor 13 INTERNAL: closed
2024-06-01 05:07:56.224 [error] cannot maintain connection to supervisor 13 INTERNAL: closed
2024-06-01 05:07:57.226 [error] cannot maintain connection to supervisor 13 INTERNAL: closed
2024-06-01 05:07:58.228 [error] cannot maintain connection to supervisor 13 INTERNAL: closed
2024-06-01 05:07:59.231 [error] cannot maintain connection to supervisor 13 INTERNAL: closed
2024-06-01 05:08:00.233 [error] cannot maintain connection to supervisor 13 INTERNAL: closed
2024-06-01 05:08:01.235 [error] cannot maintain connection to supervisor 13 INTERNAL: closed
2024-06-01 05:08:02.236 [error] cannot maintain connection to supervisor 13 INTERNAL: closed
2024-06-01 05:08:03.238 [error] cannot maintain connection to supervisor 13 INTERNAL: closed
2024-06-01 05:08:04.240 [error] cannot maintain connection to supervisor 13 INTERNAL: closed
2024-06-01 05:08:05.241 [error] cannot maintain connection to supervisor 13 INTERNAL: closed
2024-06-01 05:08:06.243 [error] cannot maintain connection to supervisor 13 INTERNAL: closed
