2024-06-01 04:22:51.795 [info] Log level: Info
2024-06-01 04:22:51.795 [info] Validating found git in: "git"
2024-06-01 04:22:51.795 [info] Using git "2.43.2" from "git"
2024-06-01 04:22:51.795 [info] > git rev-parse --show-toplevel [7ms]
2024-06-01 04:22:51.795 [info] > git rev-parse --git-dir --git-common-dir [197ms]
2024-06-01 04:22:51.795 [info] Open repository: /workspace/boilerplate-project-sudoku-solver
2024-06-01 04:22:51.795 [info] > git rev-parse --show-toplevel [283ms]
2024-06-01 04:22:51.795 [info] > git config --get commit.template [292ms]
2024-06-01 04:22:51.795 [info] > git rev-parse --show-toplevel [205ms]
2024-06-01 04:22:51.795 [info] > git for-each-ref --format=%(refname)%00%(upstream:short)%00%(objectname)%00%(upstream:track)%00%(upstream:remotename)%00%(upstream:remoteref) refs/heads/main refs/remotes/main [17ms]
2024-06-01 04:22:51.795 [info] > git rev-parse --show-toplevel [3ms]
2024-06-01 04:22:51.795 [warning] ENOENT: no such file or directory, open '/workspace/boilerplate-project-sudoku-solver/.git/refs/remotes/origin/main'
2024-06-01 04:22:51.795 [info] > git rev-parse refs/remotes/origin/main [92ms]
2024-06-01 04:22:51.795 [info] > git rev-parse --show-toplevel [187ms]
2024-06-01 04:22:51.795 [info] > git status -z -uall [107ms]
2024-06-01 04:22:51.795 [info] > git merge-base refs/heads/main refs/remotes/origin/main [95ms]
2024-06-01 04:22:51.795 [info] > git rev-parse --show-toplevel [201ms]
2024-06-01 04:22:51.795 [info] > git rev-list --count --left-right refs/heads/main...refs/remotes/origin/main [16ms]
2024-06-01 04:22:51.795 [info] > git config --get commit.template [107ms]
2024-06-01 04:22:51.795 [info] > git rev-parse --show-toplevel [83ms]
2024-06-01 04:22:51.795 [info] > git diff --name-status -z --diff-filter=ADMR 7e79855301d44b5203e508e00dc9f084e3a830ce...refs/remotes/origin/main [95ms]
2024-06-01 04:22:51.795 [info] > git for-each-ref --format=%(refname)%00%(upstream:short)%00%(objectname)%00%(upstream:track)%00%(upstream:remotename)%00%(upstream:remoteref) refs/heads/main refs/remotes/main [78ms]
2024-06-01 04:22:51.807 [warning] ENOENT: no such file or directory, open '/workspace/boilerplate-project-sudoku-solver/.git/refs/remotes/origin/main'
2024-06-01 04:22:51.807 [info] > git rev-parse --show-toplevel [21ms]
2024-06-01 04:22:51.809 [info] > git rev-parse refs/remotes/origin/main [3ms]
2024-06-01 04:22:52.113 [info] > git status -z -uall [227ms]
2024-06-01 04:22:52.309 [info] > git check-ignore -v -z --stdin [2ms]
2024-06-01 04:22:52.535 [info] > git show --textconv :routes/api.js [11ms]
2024-06-01 04:22:52.536 [info] > git ls-files --stage -- /workspace/boilerplate-project-sudoku-solver/routes/api.js [2ms]
2024-06-01 04:22:52.617 [info] > git cat-file -s 9cece279baee1fa799c4f1e3c8ab04bde7d13ca2 [31ms]
2024-06-01 04:22:54.034 [info] > git config --local branch.main.github-pr-owner-number [225ms]
2024-06-01 04:22:54.034 [warning] git config failed: Failed to execute git
2024-06-01 04:23:53.841 [info] > git show --textconv :routes/fcctesting.js [12ms]
2024-06-01 04:23:53.843 [info] > git ls-files --stage -- /workspace/boilerplate-project-sudoku-solver/routes/fcctesting.js [2ms]
2024-06-01 04:23:53.856 [info] > git cat-file -s 9f0d2a2fabd8a14e09cb46de65b2451d9be74730 [4ms]
2024-06-01 04:24:10.396 [info] > git show --textconv :public/index.js [12ms]
2024-06-01 04:24:10.397 [info] > git ls-files --stage -- /workspace/boilerplate-project-sudoku-solver/public/index.js [2ms]
2024-06-01 04:24:10.410 [info] > git cat-file -s f2c45382c43913fc5294479e34eff913baae5757 [2ms]
2024-06-01 04:24:12.196 [info] > git show --textconv :routes/api.js [12ms]
2024-06-01 04:24:12.197 [info] > git ls-files --stage -- /workspace/boilerplate-project-sudoku-solver/routes/api.js [2ms]
2024-06-01 04:24:12.210 [info] > git cat-file -s 9cece279baee1fa799c4f1e3c8ab04bde7d13ca2 [2ms]
2024-06-01 04:24:14.538 [info] > git show --textconv :tests/1_unit-tests.js [10ms]
2024-06-01 04:24:14.538 [info] > git ls-files --stage -- /workspace/boilerplate-project-sudoku-solver/tests/1_unit-tests.js [1ms]
2024-06-01 04:24:14.549 [info] > git cat-file -s d13918921a3d6f4fe7c2e331a168ecd9b7d64e62 [2ms]
2024-06-01 04:24:15.554 [info] > git show --textconv :tests/2_functional-tests.js [11ms]
2024-06-01 04:24:15.555 [info] > git ls-files --stage -- /workspace/boilerplate-project-sudoku-solver/tests/2_functional-tests.js [1ms]
2024-06-01 04:24:15.566 [info] > git cat-file -s 50e80134c848babc6e8579e1a91bde744370d1ed [2ms]
2024-06-01 04:26:02.981 [info] > git config --get commit.template [12ms]
2024-06-01 04:26:02.981 [info] > git for-each-ref --format=%(refname)%00%(upstream:short)%00%(objectname)%00%(upstream:track)%00%(upstream:remotename)%00%(upstream:remoteref) refs/heads/main refs/remotes/main [1ms]
2024-06-01 04:26:02.991 [warning] ENOENT: no such file or directory, open '/workspace/boilerplate-project-sudoku-solver/.git/refs/remotes/origin/main'
2024-06-01 04:26:02.992 [info] > git rev-parse refs/remotes/origin/main [1ms]
2024-06-01 04:26:03.004 [info] > git status -z -uall [3ms]
2024-06-01 04:27:53.246 [info] > git config --local branch.main.github-pr-owner-number [1ms]
2024-06-01 04:27:53.246 [warning] git config failed: Failed to execute git
2024-06-01 04:29:30.664 [info] > git show --textconv :tests/2_functional-tests.js [10ms]
2024-06-01 04:29:30.665 [info] > git ls-files --stage -- /workspace/boilerplate-project-sudoku-solver/tests/2_functional-tests.js [1ms]
2024-06-01 04:29:30.677 [info] > git cat-file -s 50e80134c848babc6e8579e1a91bde744370d1ed [2ms]
2024-06-01 04:29:31.798 [info] > git show --textconv :tests/1_unit-tests.js [11ms]
2024-06-01 04:29:31.800 [info] > git ls-files --stage -- /workspace/boilerplate-project-sudoku-solver/tests/1_unit-tests.js [1ms]
2024-06-01 04:29:31.811 [info] > git cat-file -s d13918921a3d6f4fe7c2e331a168ecd9b7d64e62 [2ms]
2024-06-01 04:31:32.377 [info] > git config --get commit.template [13ms]
2024-06-01 04:31:32.378 [info] > git for-each-ref --format=%(refname)%00%(upstream:short)%00%(objectname)%00%(upstream:track)%00%(upstream:remotename)%00%(upstream:remoteref) refs/heads/main refs/remotes/main [2ms]
2024-06-01 04:31:32.389 [warning] ENOENT: no such file or directory, open '/workspace/boilerplate-project-sudoku-solver/.git/refs/remotes/origin/main'
2024-06-01 04:31:32.391 [info] > git rev-parse refs/remotes/origin/main [2ms]
2024-06-01 04:31:32.404 [info] > git status -z -uall [3ms]
2024-06-01 04:31:46.689 [info] > git config --get commit.template [11ms]
2024-06-01 04:31:46.690 [info] > git for-each-ref --format=%(refname)%00%(upstream:short)%00%(objectname)%00%(upstream:track)%00%(upstream:remotename)%00%(upstream:remoteref) refs/heads/main refs/remotes/main [2ms]
2024-06-01 04:31:46.700 [warning] ENOENT: no such file or directory, open '/workspace/boilerplate-project-sudoku-solver/.git/refs/remotes/origin/main'
2024-06-01 04:31:46.701 [info] > git rev-parse refs/remotes/origin/main [1ms]
2024-06-01 04:31:46.713 [info] > git status -z -uall [2ms]
2024-06-01 04:32:53.261 [info] > git config --local branch.main.github-pr-owner-number [2ms]
2024-06-01 04:32:53.262 [warning] git config failed: Failed to execute git
2024-06-01 04:33:59.644 [info] > git show --textconv :controllers/sudoku-solver.js [13ms]
2024-06-01 04:33:59.645 [info] > git ls-files --stage -- /workspace/boilerplate-project-sudoku-solver/controllers/sudoku-solver.js [2ms]
2024-06-01 04:33:59.658 [info] > git cat-file -s 0b8fdc19f451015f3110a9c4391541e4a720f07a [2ms]
2024-06-01 04:34:04.174 [info] > git show --textconv :controllers/puzzle-strings.js [11ms]
2024-06-01 04:34:04.175 [info] > git ls-files --stage -- /workspace/boilerplate-project-sudoku-solver/controllers/puzzle-strings.js [2ms]
2024-06-01 04:34:04.187 [info] > git cat-file -s c58405cbb1c9af672358d22869f35bb77cd92d72 [2ms]
2024-06-01 04:34:06.807 [info] > git show --textconv :public/index.js [11ms]
2024-06-01 04:34:06.808 [info] > git ls-files --stage -- /workspace/boilerplate-project-sudoku-solver/public/index.js [2ms]
2024-06-01 04:34:06.820 [info] > git cat-file -s f2c45382c43913fc5294479e34eff913baae5757 [2ms]
2024-06-01 04:34:31.114 [info] > git show --textconv :tests/1_unit-tests.js [13ms]
2024-06-01 04:34:31.115 [info] > git ls-files --stage -- /workspace/boilerplate-project-sudoku-solver/tests/1_unit-tests.js [2ms]
2024-06-01 04:34:31.130 [info] > git cat-file -s d13918921a3d6f4fe7c2e331a168ecd9b7d64e62 [3ms]
2024-06-01 04:36:21.535 [info] > git config --get commit.template [13ms]
2024-06-01 04:36:21.535 [info] > git for-each-ref --format=%(refname)%00%(upstream:short)%00%(objectname)%00%(upstream:track)%00%(upstream:remotename)%00%(upstream:remoteref) refs/heads/main refs/remotes/main [2ms]
2024-06-01 04:36:21.546 [warning] ENOENT: no such file or directory, open '/workspace/boilerplate-project-sudoku-solver/.git/refs/remotes/origin/main'
2024-06-01 04:36:21.548 [info] > git rev-parse refs/remotes/origin/main [2ms]
2024-06-01 04:36:21.560 [info] > git status -z -uall [2ms]
2024-06-01 04:37:53.277 [info] > git config --local branch.main.github-pr-owner-number [2ms]
2024-06-01 04:37:53.278 [warning] git config failed: Failed to execute git
2024-06-01 04:42:53.292 [info] > git config --local branch.main.github-pr-owner-number [2ms]
2024-06-01 04:42:53.292 [warning] git config failed: Failed to execute git
2024-06-01 04:47:53.307 [info] > git config --local branch.main.github-pr-owner-number [1ms]
2024-06-01 04:47:53.307 [warning] git config failed: Failed to execute git
2024-06-01 04:52:53.321 [info] > git config --local branch.main.github-pr-owner-number [2ms]
2024-06-01 04:52:53.321 [warning] git config failed: Failed to execute git
2024-06-01 04:57:53.338 [info] > git config --local branch.main.github-pr-owner-number [2ms]
2024-06-01 04:57:53.338 [warning] git config failed: Failed to execute git
2024-06-01 05:02:53.352 [info] > git config --local branch.main.github-pr-owner-number [1ms]
2024-06-01 05:02:53.352 [warning] git config failed: Failed to execute git
2024-06-01 05:07:53.367 [info] > git config --local branch.main.github-pr-owner-number [1ms]
2024-06-01 05:07:53.367 [warning] git config failed: Failed to execute git
