2024-06-01 01:26:34.140 [info] Log level: Info
2024-06-01 01:26:34.140 [info] VSCODE_MACHINE_ID: eb067cd3-38e1-4948-b839-b9b33b74c166
2024-06-01 01:26:34.140 [info] VSCODE_SESSION_ID: 6272b012-1c28-4315-9f42-318d7a51ddb51717205190902
2024-06-01 01:26:34.140 [info] VSCODE_VERSION: 1.89.1
2024-06-01 01:26:34.140 [info] VSCODE_APP_NAME: Gitpod Code
2024-06-01 01:26:34.140 [info] VSCODE_APP_HOST: Gitpod
2024-06-01 01:26:34.140 [info] VSCODE_UI_KIND: web
2024-06-01 01:26:34.140 [info] GITPOD_WORKSPACE_CONTEXT_URL: https://github.com/freecodecamp/boilerplate-project-sudoku-solver
2024-06-01 01:26:34.140 [info] GITPOD_INSTANCE_ID: dcf77010-d29c-4057-a0ea-60d06adf71c8
2024-06-01 01:26:34.140 [info] GITPOD_WORKSPACE_URL: https://freecodecam-boilerplate-1kdcrwiw6un.ws-us114.gitpod.io
2024-06-01 01:26:34.140 [info] Gitpod Web 7ff72a2
2024-06-01 01:26:34.140 [info] Reading sessions from keychain...
2024-06-01 01:26:34.965 [info] Getting sessions for all scopes...
2024-06-01 01:26:34.965 [info] Getting GitHub sessions for all scopes...
2024-06-01 01:26:34.966 [info] Got 1 GitHub sessions for all scopes...
2024-06-01 01:26:34.967 [info] Got stored sessions!
2024-06-01 01:26:34.967 [info] Verified session with the following scopes: function:accessCodeSyncStorage function:closePort function:controlAdmission function:deleteEnvVar function:generateNewGitpodToken function:getDefaultWorkspaceImage function:getEnvVars function:getGitpodTokenScopes function:getIDToken function:getLoggedInUser function:getOpenPorts function:getSupportedWorkspaceClasses function:getTeams function:getToken function:getWorkspace function:getWorkspaceEnvVars function:getWorkspaceOwner function:getWorkspaceTimeout function:getWorkspaceUsers function:guessGitTokenScopes function:isWorkspaceOwner function:openPort function:sendHeartBeat function:setEnvVar function:setWorkspaceTimeout function:stopWorkspace function:takeSnapshot function:trackEvent function:updateGitStatus function:waitForSnapshot resource:contentBlob::*::create/get resource:envVar::freeCodeCamp/boilerplate-project-sudoku-solver::create/get/update/delete resource:gitpodToken::*::create resource:snapshot::ws-freecodecam-boilerplate-1kdcrwiw6un::create resource:token::*::get resource:userStorage::*::create/get/update resource:workspace::freecodecam-boilerplate-1kdcrwiw6un::get/update resource:workspaceInstance::dcf77010-d29c-4057-a0ea-60d06adf71c8::get/update/delete
2024-06-01 01:26:34.970 [info] Got 1 verified sessions.
2024-06-01 01:26:34.970 [info] Got 1 sessions for all scopes...
2024-06-01 01:26:35.662 [info] Getting GitHub sessions for all scopes...
2024-06-01 01:26:35.662 [info] Getting sessions for all scopes...
2024-06-01 01:26:35.662 [info] Got 1 GitHub sessions for all scopes...
2024-06-01 01:26:35.662 [info] Got 1 sessions for all scopes...
2024-06-01 01:26:35.770 [info] Getting GitHub sessions for read:user,repo,user:email,workflow...
2024-06-01 01:26:35.770 [info] Got 0 GitHub sessions for read:user,repo,user:email,workflow...
2024-06-01 01:26:35.932 [info] Getting GitHub sessions for project,read:org,read:user,repo,user:email,workflow...
2024-06-01 01:26:35.932 [info] Got 0 GitHub sessions for project,read:org,read:user,repo,user:email,workflow...
2024-06-01 01:26:36.040 [info] Getting GitHub sessions for read:user,repo,user:email,workflow...
2024-06-01 01:26:36.040 [info] Got 0 GitHub sessions for read:user,repo,user:email,workflow...
2024-06-01 01:26:36.171 [info] Getting GitHub sessions for read:user,repo,user:email...
2024-06-01 01:26:36.171 [info] Got 1 GitHub sessions for read:user,repo,user:email...
2024-06-01 01:27:03.233 [info] Getting sessions for all scopes...
2024-06-01 01:27:03.233 [info] Getting GitHub sessions for all scopes...
2024-06-01 01:27:03.233 [info] Got 1 sessions for all scopes...
2024-06-01 01:27:03.233 [info] Got 1 GitHub sessions for all scopes...
2024-06-01 01:27:03.420 [info] Getting sessions for all scopes...
2024-06-01 01:27:03.420 [info] Getting GitHub sessions for all scopes...
2024-06-01 01:27:03.420 [info] Got 1 sessions for all scopes...
2024-06-01 01:27:03.420 [info] Got 1 GitHub sessions for all scopes...
2024-06-01 01:27:03.421 [info] Getting GitHub sessions for all scopes...
2024-06-01 01:27:03.421 [info] Got 1 GitHub sessions for all scopes...
2024-06-01 01:27:03.441 [info] Getting sessions for function:accessCodeSyncStorage...
2024-06-01 01:27:03.452 [info] Got 1 sessions for function:accessCodeSyncStorage...
2024-06-01 01:57:38.166 [error] cannot maintain connection to supervisor 13 INTERNAL: closed
2024-06-01 01:57:39.171 [error] cannot maintain connection to supervisor 13 INTERNAL: closed
2024-06-01 01:57:40.173 [error] cannot maintain connection to supervisor 13 INTERNAL: closed
2024-06-01 01:57:41.176 [error] cannot maintain connection to supervisor 13 INTERNAL: closed
2024-06-01 01:57:42.182 [error] cannot maintain connection to supervisor 13 INTERNAL: closed
2024-06-01 01:57:43.187 [error] cannot maintain connection to supervisor 13 INTERNAL: closed
2024-06-01 01:57:44.191 [error] cannot maintain connection to supervisor 13 INTERNAL: closed
2024-06-01 01:57:45.199 [error] cannot maintain connection to supervisor 13 INTERNAL: closed
2024-06-01 01:57:46.201 [error] cannot maintain connection to supervisor 13 INTERNAL: closed
2024-06-01 01:57:47.205 [error] cannot maintain connection to supervisor 13 INTERNAL: closed
2024-06-01 01:57:48.208 [error] cannot maintain connection to supervisor 13 INTERNAL: closed
2024-06-01 01:57:49.212 [error] cannot maintain connection to supervisor 13 INTERNAL: closed
2024-06-01 01:57:50.215 [error] cannot maintain connection to supervisor 13 INTERNAL: closed
2024-06-01 01:57:51.218 [error] cannot maintain connection to supervisor 13 INTERNAL: closed
