2024-06-01 20:16:42.813 [info] Log level: Info
2024-06-01 20:16:42.813 [info] Validating found git in: "git"
2024-06-01 20:16:42.813 [info] Using git "2.43.2" from "git"
2024-06-01 20:16:42.813 [info] > git rev-parse --show-toplevel [294ms]
2024-06-01 20:16:42.813 [info] > git rev-parse --git-dir --git-common-dir [91ms]
2024-06-01 20:16:42.813 [info] Open repository: /workspace/boilerplate-project-sudoku-solver
2024-06-01 20:16:42.813 [info] > git config --get commit.template [74ms]
2024-06-01 20:16:42.813 [info] > git rev-parse --show-toplevel [4ms]
2024-06-01 20:16:42.813 [info] > git for-each-ref --format=%(refname)%00%(upstream:short)%00%(objectname)%00%(upstream:track)%00%(upstream:remotename)%00%(upstream:remoteref) refs/heads/main refs/remotes/main [20ms]
2024-06-01 20:16:42.813 [warning] ENOENT: no such file or directory, open '/workspace/boilerplate-project-sudoku-solver/.git/refs/remotes/origin/main'
2024-06-01 20:16:42.813 [info] > git rev-parse --show-toplevel [87ms]
2024-06-01 20:16:42.813 [info] > git rev-parse refs/remotes/origin/main [19ms]
2024-06-01 20:16:42.813 [info] > git rev-parse --show-toplevel [12ms]
2024-06-01 20:16:42.813 [info] > git status -z -uall [12ms]
2024-06-01 20:16:42.813 [info] > git merge-base refs/heads/main refs/remotes/origin/main [18ms]
2024-06-01 20:16:42.813 [info] > git rev-parse --show-toplevel [95ms]
2024-06-01 20:16:42.813 [info] > git config --get commit.template [75ms]
2024-06-01 20:16:42.813 [info] > git rev-parse --show-toplevel [12ms]
2024-06-01 20:16:42.813 [info] > git rev-list --count --left-right refs/heads/main...refs/remotes/origin/main [76ms]
2024-06-01 20:16:42.813 [info] > git for-each-ref --format=%(refname)%00%(upstream:short)%00%(objectname)%00%(upstream:track)%00%(upstream:remotename)%00%(upstream:remoteref) refs/heads/main refs/remotes/main [65ms]
2024-06-01 20:16:42.813 [info] > git diff --name-status -z --diff-filter=ADMR 7e79855301d44b5203e508e00dc9f084e3a830ce...refs/remotes/origin/main [76ms]
2024-06-01 20:16:42.813 [warning] ENOENT: no such file or directory, open '/workspace/boilerplate-project-sudoku-solver/.git/refs/remotes/origin/main'
2024-06-01 20:16:42.813 [info] > git rev-parse --show-toplevel [66ms]
2024-06-01 20:16:42.813 [info] > git rev-parse refs/remotes/origin/main [12ms]
2024-06-01 20:16:42.813 [info] > git rev-parse --show-toplevel [12ms]
2024-06-01 20:16:42.813 [info] > git status -z -uall [67ms]
2024-06-01 20:16:43.410 [info] > git show --textconv :routes/api.js [89ms]
2024-06-01 20:16:43.411 [info] > git ls-files --stage -- /workspace/boilerplate-project-sudoku-solver/routes/api.js [79ms]
2024-06-01 20:16:43.506 [info] > git check-ignore -v -z --stdin [97ms]
2024-06-01 20:16:43.508 [info] > git cat-file -s 9cece279baee1fa799c4f1e3c8ab04bde7d13ca2 [4ms]
2024-06-01 20:16:45.198 [info] > git config --local branch.main.github-pr-owner-number [237ms]
2024-06-01 20:16:45.198 [warning] git config failed: Failed to execute git
2024-06-01 20:18:30.981 [info] > git show --textconv :controllers/sudoku-solver.js [12ms]
2024-06-01 20:18:30.982 [info] > git ls-files --stage -- /workspace/boilerplate-project-sudoku-solver/controllers/sudoku-solver.js [2ms]
2024-06-01 20:18:30.994 [info] > git cat-file -s 0b8fdc19f451015f3110a9c4391541e4a720f07a [2ms]
2024-06-01 20:18:35.495 [info] > git config --get commit.template [11ms]
2024-06-01 20:18:35.495 [info] > git for-each-ref --format=%(refname)%00%(upstream:short)%00%(objectname)%00%(upstream:track)%00%(upstream:remotename)%00%(upstream:remoteref) refs/heads/main refs/remotes/main [2ms]
2024-06-01 20:18:35.505 [warning] ENOENT: no such file or directory, open '/workspace/boilerplate-project-sudoku-solver/.git/refs/remotes/origin/main'
2024-06-01 20:18:35.507 [info] > git rev-parse refs/remotes/origin/main [2ms]
2024-06-01 20:18:35.521 [info] > git status -z -uall [3ms]
2024-06-01 20:18:40.556 [info] > git config --get commit.template [14ms]
2024-06-01 20:18:40.559 [info] > git for-each-ref --format=%(refname)%00%(upstream:short)%00%(objectname)%00%(upstream:track)%00%(upstream:remotename)%00%(upstream:remoteref) refs/heads/main refs/remotes/main [4ms]
2024-06-01 20:18:40.572 [warning] ENOENT: no such file or directory, open '/workspace/boilerplate-project-sudoku-solver/.git/refs/remotes/origin/main'
2024-06-01 20:18:40.573 [info] > git rev-parse refs/remotes/origin/main [2ms]
2024-06-01 20:18:40.589 [info] > git status -z -uall [2ms]
2024-06-01 20:18:45.611 [info] > git config --get commit.template [3ms]
2024-06-01 20:18:45.628 [info] > git for-each-ref --format=%(refname)%00%(upstream:short)%00%(objectname)%00%(upstream:track)%00%(upstream:remotename)%00%(upstream:remoteref) refs/heads/main refs/remotes/main [2ms]
2024-06-01 20:18:45.643 [warning] ENOENT: no such file or directory, open '/workspace/boilerplate-project-sudoku-solver/.git/refs/remotes/origin/main'
2024-06-01 20:18:45.645 [info] > git rev-parse refs/remotes/origin/main [2ms]
2024-06-01 20:18:45.662 [info] > git status -z -uall [2ms]
2024-06-01 20:18:50.696 [info] > git config --get commit.template [15ms]
2024-06-01 20:18:50.697 [info] > git for-each-ref --format=%(refname)%00%(upstream:short)%00%(objectname)%00%(upstream:track)%00%(upstream:remotename)%00%(upstream:remoteref) refs/heads/main refs/remotes/main [2ms]
2024-06-01 20:18:50.709 [warning] ENOENT: no such file or directory, open '/workspace/boilerplate-project-sudoku-solver/.git/refs/remotes/origin/main'
2024-06-01 20:18:50.711 [info] > git rev-parse refs/remotes/origin/main [2ms]
2024-06-01 20:18:50.725 [info] > git status -z -uall [3ms]
2024-06-01 20:21:44.425 [info] > git config --local branch.main.github-pr-owner-number [1ms]
2024-06-01 20:21:44.425 [warning] git config failed: Failed to execute git
2024-06-01 20:26:44.441 [info] > git config --local branch.main.github-pr-owner-number [2ms]
2024-06-01 20:26:44.441 [warning] git config failed: Failed to execute git
2024-06-01 20:31:44.460 [info] > git config --local branch.main.github-pr-owner-number [1ms]
2024-06-01 20:31:44.460 [warning] git config failed: Failed to execute git
2024-06-01 20:36:44.473 [info] > git config --local branch.main.github-pr-owner-number [2ms]
2024-06-01 20:36:44.473 [warning] git config failed: Failed to execute git
2024-06-01 20:41:44.487 [info] > git config --local branch.main.github-pr-owner-number [1ms]
2024-06-01 20:41:44.488 [warning] git config failed: Failed to execute git
2024-06-01 20:46:44.501 [info] > git config --local branch.main.github-pr-owner-number [1ms]
2024-06-01 20:46:44.501 [warning] git config failed: Failed to execute git
