2024-05-31 23:48:36.490 [info] Log level: Info
2024-05-31 23:48:36.490 [info] Validating found git in: "git"
2024-05-31 23:48:36.490 [info] Using git "2.43.2" from "git"
2024-05-31 23:48:36.490 [info] > git rev-parse --show-toplevel [2ms]
2024-05-31 23:48:36.490 [info] > git rev-parse --git-dir --git-common-dir [4ms]
2024-05-31 23:48:36.490 [info] Open repository: /workspace/boilerplate-project-sudoku-solver
2024-05-31 23:48:36.490 [info] > git rev-parse --show-toplevel [8ms]
2024-05-31 23:48:36.490 [info] > git config --get commit.template [16ms]
2024-05-31 23:48:36.490 [info] > git rev-parse --show-toplevel [12ms]
2024-05-31 23:48:36.490 [info] > git for-each-ref --format=%(refname)%00%(upstream:short)%00%(objectname)%00%(upstream:track)%00%(upstream:remotename)%00%(upstream:remoteref) refs/heads/main refs/remotes/main [2ms]
2024-05-31 23:48:36.490 [warning] ENOENT: no such file or directory, open '/workspace/boilerplate-project-sudoku-solver/.git/refs/remotes/origin/main'
2024-05-31 23:48:36.490 [info] > git rev-parse refs/remotes/origin/main [3ms]
2024-05-31 23:48:36.490 [info] > git rev-parse --show-toplevel [26ms]
2024-05-31 23:48:36.490 [info] > git status -z -uall [13ms]
2024-05-31 23:48:36.490 [info] > git merge-base refs/heads/main refs/remotes/origin/main [16ms]
2024-05-31 23:48:36.490 [info] > git rev-parse --show-toplevel [42ms]
2024-05-31 23:48:36.490 [info] > git config --get commit.template [24ms]
2024-05-31 23:48:36.490 [info] > git rev-parse --show-toplevel [2ms]
2024-05-31 23:48:36.490 [info] > git rev-list --count --left-right refs/heads/main...refs/remotes/origin/main [13ms]
2024-05-31 23:48:36.490 [info] > git for-each-ref --format=%(refname)%00%(upstream:short)%00%(objectname)%00%(upstream:track)%00%(upstream:remotename)%00%(upstream:remoteref) refs/heads/main refs/remotes/main [12ms]
2024-05-31 23:48:36.490 [info] > git diff --name-status -z --diff-filter=ADMR 7e79855301d44b5203e508e00dc9f084e3a830ce...refs/remotes/origin/main [22ms]
2024-05-31 23:48:36.490 [warning] ENOENT: no such file or directory, open '/workspace/boilerplate-project-sudoku-solver/.git/refs/remotes/origin/main'
2024-05-31 23:48:36.490 [info] > git rev-parse --show-toplevel [12ms]
2024-05-31 23:48:36.490 [info] > git rev-parse refs/remotes/origin/main [2ms]
2024-05-31 23:48:36.490 [info] > git status -z -uall [112ms]
2024-05-31 23:48:37.048 [info] > git check-ignore -v -z --stdin [45ms]
2024-05-31 23:48:37.521 [info] > git config --get commit.template [16ms]
2024-05-31 23:48:37.524 [info] > git for-each-ref --format=%(refname)%00%(upstream:short)%00%(objectname)%00%(upstream:track)%00%(upstream:remotename)%00%(upstream:remoteref) refs/heads/main refs/remotes/main [4ms]
2024-05-31 23:48:37.538 [warning] ENOENT: no such file or directory, open '/workspace/boilerplate-project-sudoku-solver/.git/refs/remotes/origin/main'
2024-05-31 23:48:37.670 [info] > git config --local branch.main.github-pr-owner-number [113ms]
2024-05-31 23:48:37.670 [warning] git config failed: Failed to execute git
2024-05-31 23:48:37.698 [info] > git rev-parse refs/remotes/origin/main [160ms]
2024-05-31 23:48:37.713 [info] > git status -z -uall [4ms]
2024-05-31 23:48:42.744 [info] > git config --get commit.template [13ms]
2024-05-31 23:48:42.745 [info] > git for-each-ref --format=%(refname)%00%(upstream:short)%00%(objectname)%00%(upstream:track)%00%(upstream:remotename)%00%(upstream:remoteref) refs/heads/main refs/remotes/main [2ms]
2024-05-31 23:48:42.755 [warning] ENOENT: no such file or directory, open '/workspace/boilerplate-project-sudoku-solver/.git/refs/remotes/origin/main'
2024-05-31 23:48:42.757 [info] > git rev-parse refs/remotes/origin/main [2ms]
2024-05-31 23:48:42.770 [info] > git status -z -uall [2ms]
2024-05-31 23:52:48.976 [info] > git check-ignore -v -z --stdin [2ms]
2024-05-31 23:52:50.065 [info] > git show --textconv :views/index.html [10ms]
2024-05-31 23:52:50.066 [info] > git ls-files --stage -- /workspace/boilerplate-project-sudoku-solver/views/index.html [1ms]
2024-05-31 23:52:50.078 [info] > git cat-file -s dd01b1a4c5181956238ce7c4f0bcf62f8840feb5 [2ms]
2024-05-31 23:53:37.142 [info] > git config --local branch.main.github-pr-owner-number [2ms]
2024-05-31 23:53:37.142 [warning] git config failed: Failed to execute git
2024-05-31 23:56:23.661 [info] > git check-ignore -v -z --stdin [2ms]
2024-05-31 23:56:24.655 [info] > git show --textconv :controllers/sudoku-solver.js [18ms]
2024-05-31 23:56:24.656 [info] > git ls-files --stage -- /workspace/boilerplate-project-sudoku-solver/controllers/sudoku-solver.js [2ms]
2024-05-31 23:56:24.671 [info] > git cat-file -s 0b8fdc19f451015f3110a9c4391541e4a720f07a [2ms]
2024-05-31 23:56:30.807 [info] > git config --get commit.template [12ms]
2024-05-31 23:56:30.808 [info] > git for-each-ref --format=%(refname)%00%(upstream:short)%00%(objectname)%00%(upstream:track)%00%(upstream:remotename)%00%(upstream:remoteref) refs/heads/main refs/remotes/main [2ms]
2024-05-31 23:56:30.818 [warning] ENOENT: no such file or directory, open '/workspace/boilerplate-project-sudoku-solver/.git/refs/remotes/origin/main'
2024-05-31 23:56:30.821 [info] > git rev-parse refs/remotes/origin/main [3ms]
2024-05-31 23:56:30.839 [info] > git status -z -uall [5ms]
2024-05-31 23:56:55.157 [info] > git config --get commit.template [17ms]
2024-05-31 23:56:55.158 [info] > git for-each-ref --format=%(refname)%00%(upstream:short)%00%(objectname)%00%(upstream:track)%00%(upstream:remotename)%00%(upstream:remoteref) refs/heads/main refs/remotes/main [3ms]
2024-05-31 23:56:55.173 [warning] ENOENT: no such file or directory, open '/workspace/boilerplate-project-sudoku-solver/.git/refs/remotes/origin/main'
2024-05-31 23:56:55.174 [info] > git rev-parse refs/remotes/origin/main [2ms]
2024-05-31 23:56:55.194 [info] > git status -z -uall [4ms]
2024-05-31 23:57:09.518 [info] > git config --get commit.template [15ms]
2024-05-31 23:57:09.519 [info] > git for-each-ref --format=%(refname)%00%(upstream:short)%00%(objectname)%00%(upstream:track)%00%(upstream:remotename)%00%(upstream:remoteref) refs/heads/main refs/remotes/main [2ms]
2024-05-31 23:57:09.534 [warning] ENOENT: no such file or directory, open '/workspace/boilerplate-project-sudoku-solver/.git/refs/remotes/origin/main'
2024-05-31 23:57:09.536 [info] > git rev-parse refs/remotes/origin/main [1ms]
2024-05-31 23:57:09.550 [info] > git status -z -uall [2ms]
2024-05-31 23:57:14.954 [info] > git config --get commit.template [12ms]
2024-05-31 23:57:14.954 [info] > git for-each-ref --format=%(refname)%00%(upstream:short)%00%(objectname)%00%(upstream:track)%00%(upstream:remotename)%00%(upstream:remoteref) refs/heads/main refs/remotes/main [2ms]
2024-05-31 23:57:14.964 [warning] ENOENT: no such file or directory, open '/workspace/boilerplate-project-sudoku-solver/.git/refs/remotes/origin/main'
2024-05-31 23:57:14.965 [info] > git rev-parse refs/remotes/origin/main [1ms]
2024-05-31 23:57:14.978 [info] > git status -z -uall [3ms]
2024-05-31 23:57:40.813 [info] > git config --get commit.template [13ms]
2024-05-31 23:57:40.814 [info] > git for-each-ref --format=%(refname)%00%(upstream:short)%00%(objectname)%00%(upstream:track)%00%(upstream:remotename)%00%(upstream:remoteref) refs/heads/main refs/remotes/main [2ms]
2024-05-31 23:57:40.824 [warning] ENOENT: no such file or directory, open '/workspace/boilerplate-project-sudoku-solver/.git/refs/remotes/origin/main'
2024-05-31 23:57:40.826 [info] > git rev-parse refs/remotes/origin/main [2ms]
2024-05-31 23:57:40.839 [info] > git status -z -uall [3ms]
2024-05-31 23:58:07.258 [info] > git config --get commit.template [21ms]
2024-05-31 23:58:07.259 [info] > git for-each-ref --format=%(refname)%00%(upstream:short)%00%(objectname)%00%(upstream:track)%00%(upstream:remotename)%00%(upstream:remoteref) refs/heads/main refs/remotes/main [3ms]
2024-05-31 23:58:07.275 [warning] ENOENT: no such file or directory, open '/workspace/boilerplate-project-sudoku-solver/.git/refs/remotes/origin/main'
2024-05-31 23:58:07.277 [info] > git rev-parse refs/remotes/origin/main [2ms]
2024-05-31 23:58:07.294 [info] > git status -z -uall [2ms]
2024-05-31 23:58:12.238 [info] > git show --textconv :controllers/puzzle-strings.js [13ms]
2024-05-31 23:58:12.239 [info] > git ls-files --stage -- /workspace/boilerplate-project-sudoku-solver/controllers/puzzle-strings.js [2ms]
2024-05-31 23:58:12.254 [info] > git cat-file -s c58405cbb1c9af672358d22869f35bb77cd92d72 [2ms]
2024-05-31 23:58:16.376 [info] > git check-ignore -v -z --stdin [2ms]
2024-05-31 23:58:17.266 [info] > git show --textconv :public/index.js [13ms]
2024-05-31 23:58:17.268 [info] > git ls-files --stage -- /workspace/boilerplate-project-sudoku-solver/public/index.js [2ms]
2024-05-31 23:58:17.280 [info] > git cat-file -s f2c45382c43913fc5294479e34eff913baae5757 [2ms]
2024-05-31 23:58:37.158 [info] > git config --local branch.main.github-pr-owner-number [2ms]
2024-05-31 23:58:37.158 [warning] git config failed: Failed to execute git
2024-05-31 23:58:54.197 [info] > git check-ignore -v -z --stdin [2ms]
2024-05-31 23:58:55.315 [info] > git check-ignore -v -z --stdin [2ms]
2024-05-31 23:58:56.072 [info] > git show --textconv :tests/1_unit-tests.js [14ms]
2024-05-31 23:58:56.073 [info] > git ls-files --stage -- /workspace/boilerplate-project-sudoku-solver/tests/1_unit-tests.js [2ms]
2024-05-31 23:58:56.087 [info] > git cat-file -s d13918921a3d6f4fe7c2e331a168ecd9b7d64e62 [2ms]
2024-05-31 23:59:01.668 [info] > git show --textconv :tests/2_functional-tests.js [18ms]
2024-05-31 23:59:01.668 [info] > git ls-files --stage -- /workspace/boilerplate-project-sudoku-solver/tests/2_functional-tests.js [3ms]
2024-05-31 23:59:01.683 [info] > git cat-file -s 50e80134c848babc6e8579e1a91bde744370d1ed [2ms]
2024-05-31 23:59:08.536 [info] > git config --get commit.template [13ms]
2024-05-31 23:59:08.537 [info] > git for-each-ref --format=%(refname)%00%(upstream:short)%00%(objectname)%00%(upstream:track)%00%(upstream:remotename)%00%(upstream:remoteref) refs/heads/main refs/remotes/main [3ms]
2024-05-31 23:59:08.548 [warning] ENOENT: no such file or directory, open '/workspace/boilerplate-project-sudoku-solver/.git/refs/remotes/origin/main'
2024-05-31 23:59:08.549 [info] > git rev-parse refs/remotes/origin/main [2ms]
2024-05-31 23:59:08.563 [info] > git status -z -uall [2ms]
2024-05-31 23:59:14.636 [info] > git show --textconv :routes/fcctesting.js [15ms]
2024-05-31 23:59:14.637 [info] > git ls-files --stage -- /workspace/boilerplate-project-sudoku-solver/routes/fcctesting.js [1ms]
2024-05-31 23:59:14.652 [info] > git cat-file -s 9f0d2a2fabd8a14e09cb46de65b2451d9be74730 [2ms]
2024-05-31 23:59:15.428 [info] > git show --textconv :routes/api.js [14ms]
2024-05-31 23:59:15.429 [info] > git ls-files --stage -- /workspace/boilerplate-project-sudoku-solver/routes/api.js [2ms]
2024-05-31 23:59:15.444 [info] > git cat-file -s 9cece279baee1fa799c4f1e3c8ab04bde7d13ca2 [2ms]
2024-06-01 00:02:41.659 [info] > git show --textconv :routes/api.js [13ms]
2024-06-01 00:02:41.660 [info] > git ls-files --stage -- /workspace/boilerplate-project-sudoku-solver/routes/api.js [2ms]
2024-06-01 00:02:41.673 [info] > git cat-file -s 9cece279baee1fa799c4f1e3c8ab04bde7d13ca2 [1ms]
2024-06-01 00:02:42.113 [info] > git show --textconv :controllers/sudoku-solver.js [15ms]
2024-06-01 00:02:42.114 [info] > git ls-files --stage -- /workspace/boilerplate-project-sudoku-solver/controllers/sudoku-solver.js [1ms]
2024-06-01 00:02:42.131 [info] > git cat-file -s 0b8fdc19f451015f3110a9c4391541e4a720f07a [2ms]
2024-06-01 00:02:56.790 [info] > git show --textconv :tests/1_unit-tests.js [12ms]
2024-06-01 00:02:56.791 [info] > git ls-files --stage -- /workspace/boilerplate-project-sudoku-solver/tests/1_unit-tests.js [2ms]
2024-06-01 00:02:56.804 [info] > git cat-file -s d13918921a3d6f4fe7c2e331a168ecd9b7d64e62 [2ms]
2024-06-01 00:03:37.175 [info] > git config --local branch.main.github-pr-owner-number [2ms]
2024-06-01 00:03:37.175 [warning] git config failed: Failed to execute git
2024-06-01 00:06:53.182 [info] > git show --textconv :routes/api.js [13ms]
2024-06-01 00:06:53.183 [info] > git ls-files --stage -- /workspace/boilerplate-project-sudoku-solver/routes/api.js [2ms]
2024-06-01 00:06:53.197 [info] > git cat-file -s 9cece279baee1fa799c4f1e3c8ab04bde7d13ca2 [2ms]
2024-06-01 00:06:53.865 [info] > git show --textconv :routes/fcctesting.js [13ms]
2024-06-01 00:06:53.867 [info] > git ls-files --stage -- /workspace/boilerplate-project-sudoku-solver/routes/fcctesting.js [1ms]
2024-06-01 00:06:53.882 [info] > git cat-file -s 9f0d2a2fabd8a14e09cb46de65b2451d9be74730 [2ms]
2024-06-01 00:07:00.029 [info] > git show --textconv :public/style.css [13ms]
2024-06-01 00:07:00.030 [info] > git ls-files --stage -- /workspace/boilerplate-project-sudoku-solver/public/style.css [2ms]
2024-06-01 00:07:00.043 [info] > git cat-file -s 1775521df673bd83f750ff202bb167eb1f956011 [1ms]
2024-06-01 00:07:00.541 [info] > git show --textconv :public/index.js [16ms]
2024-06-01 00:07:00.542 [info] > git ls-files --stage -- /workspace/boilerplate-project-sudoku-solver/public/index.js [2ms]
2024-06-01 00:07:00.560 [info] > git cat-file -s f2c45382c43913fc5294479e34eff913baae5757 [3ms]
2024-06-01 00:07:18.667 [info] > git check-ignore -v -z --stdin [3ms]
2024-06-01 00:07:19.901 [info] > git show --textconv :controllers/sudoku-solver.js [15ms]
2024-06-01 00:07:19.903 [info] > git ls-files --stage -- /workspace/boilerplate-project-sudoku-solver/controllers/sudoku-solver.js [2ms]
2024-06-01 00:07:19.920 [info] > git cat-file -s 0b8fdc19f451015f3110a9c4391541e4a720f07a [4ms]
2024-06-01 00:07:20.682 [info] > git show --textconv :controllers/puzzle-strings.js [15ms]
2024-06-01 00:07:20.683 [info] > git ls-files --stage -- /workspace/boilerplate-project-sudoku-solver/controllers/puzzle-strings.js [2ms]
2024-06-01 00:07:20.698 [info] > git cat-file -s c58405cbb1c9af672358d22869f35bb77cd92d72 [2ms]
2024-06-01 00:07:30.366 [info] > git show --textconv :tests/1_unit-tests.js [12ms]
2024-06-01 00:07:30.367 [info] > git ls-files --stage -- /workspace/boilerplate-project-sudoku-solver/tests/1_unit-tests.js [1ms]
2024-06-01 00:07:30.380 [info] > git cat-file -s d13918921a3d6f4fe7c2e331a168ecd9b7d64e62 [1ms]
2024-06-01 00:07:33.485 [info] > git show --textconv :tests/2_functional-tests.js [12ms]
2024-06-01 00:07:33.486 [info] > git ls-files --stage -- /workspace/boilerplate-project-sudoku-solver/tests/2_functional-tests.js [2ms]
2024-06-01 00:07:33.498 [info] > git cat-file -s 50e80134c848babc6e8579e1a91bde744370d1ed [2ms]
2024-06-01 00:08:37.192 [info] > git config --local branch.main.github-pr-owner-number [2ms]
2024-06-01 00:08:37.192 [warning] git config failed: Failed to execute git
2024-06-01 00:09:34.123 [info] > git config --get commit.template [13ms]
2024-06-01 00:09:34.124 [info] > git for-each-ref --format=%(refname)%00%(upstream:short)%00%(objectname)%00%(upstream:track)%00%(upstream:remotename)%00%(upstream:remoteref) refs/heads/main refs/remotes/main [2ms]
2024-06-01 00:09:34.137 [warning] ENOENT: no such file or directory, open '/workspace/boilerplate-project-sudoku-solver/.git/refs/remotes/origin/main'
2024-06-01 00:09:34.139 [info] > git rev-parse refs/remotes/origin/main [1ms]
2024-06-01 00:09:34.160 [info] > git status -z -uall [3ms]
2024-06-01 00:09:39.196 [info] > git config --get commit.template [16ms]
2024-06-01 00:09:39.197 [info] > git for-each-ref --format=%(refname)%00%(upstream:short)%00%(objectname)%00%(upstream:track)%00%(upstream:remotename)%00%(upstream:remoteref) refs/heads/main refs/remotes/main [2ms]
2024-06-01 00:09:39.214 [warning] ENOENT: no such file or directory, open '/workspace/boilerplate-project-sudoku-solver/.git/refs/remotes/origin/main'
2024-06-01 00:09:39.217 [info] > git rev-parse refs/remotes/origin/main [4ms]
2024-06-01 00:09:39.233 [info] > git status -z -uall [3ms]
2024-06-01 00:09:44.263 [info] > git config --get commit.template [12ms]
2024-06-01 00:09:44.264 [info] > git for-each-ref --format=%(refname)%00%(upstream:short)%00%(objectname)%00%(upstream:track)%00%(upstream:remotename)%00%(upstream:remoteref) refs/heads/main refs/remotes/main [2ms]
2024-06-01 00:09:44.275 [warning] ENOENT: no such file or directory, open '/workspace/boilerplate-project-sudoku-solver/.git/refs/remotes/origin/main'
2024-06-01 00:09:44.278 [info] > git rev-parse refs/remotes/origin/main [3ms]
2024-06-01 00:09:44.291 [info] > git status -z -uall [2ms]
2024-06-01 00:09:49.321 [info] > git config --get commit.template [13ms]
2024-06-01 00:09:49.322 [info] > git for-each-ref --format=%(refname)%00%(upstream:short)%00%(objectname)%00%(upstream:track)%00%(upstream:remotename)%00%(upstream:remoteref) refs/heads/main refs/remotes/main [2ms]
2024-06-01 00:09:49.335 [warning] ENOENT: no such file or directory, open '/workspace/boilerplate-project-sudoku-solver/.git/refs/remotes/origin/main'
2024-06-01 00:09:49.336 [info] > git rev-parse refs/remotes/origin/main [2ms]
2024-06-01 00:09:49.351 [info] > git status -z -uall [3ms]
2024-06-01 00:09:54.381 [info] > git config --get commit.template [13ms]
2024-06-01 00:09:54.383 [info] > git for-each-ref --format=%(refname)%00%(upstream:short)%00%(objectname)%00%(upstream:track)%00%(upstream:remotename)%00%(upstream:remoteref) refs/heads/main refs/remotes/main [2ms]
2024-06-01 00:09:54.395 [warning] ENOENT: no such file or directory, open '/workspace/boilerplate-project-sudoku-solver/.git/refs/remotes/origin/main'
2024-06-01 00:09:54.397 [info] > git rev-parse refs/remotes/origin/main [2ms]
2024-06-01 00:09:54.410 [info] > git status -z -uall [2ms]
2024-06-01 00:10:28.104 [info] > git config --get commit.template [15ms]
2024-06-01 00:10:28.106 [info] > git for-each-ref --format=%(refname)%00%(upstream:short)%00%(objectname)%00%(upstream:track)%00%(upstream:remotename)%00%(upstream:remoteref) refs/heads/main refs/remotes/main [3ms]
2024-06-01 00:10:28.119 [warning] ENOENT: no such file or directory, open '/workspace/boilerplate-project-sudoku-solver/.git/refs/remotes/origin/main'
2024-06-01 00:10:28.120 [info] > git rev-parse refs/remotes/origin/main [1ms]
2024-06-01 00:10:28.134 [info] > git status -z -uall [2ms]
2024-06-01 00:10:33.162 [info] > git config --get commit.template [12ms]
2024-06-01 00:10:33.163 [info] > git for-each-ref --format=%(refname)%00%(upstream:short)%00%(objectname)%00%(upstream:track)%00%(upstream:remotename)%00%(upstream:remoteref) refs/heads/main refs/remotes/main [2ms]
2024-06-01 00:10:33.174 [warning] ENOENT: no such file or directory, open '/workspace/boilerplate-project-sudoku-solver/.git/refs/remotes/origin/main'
2024-06-01 00:10:33.175 [info] > git rev-parse refs/remotes/origin/main [1ms]
2024-06-01 00:10:33.190 [info] > git status -z -uall [2ms]
2024-06-01 00:10:34.403 [info] > git ls-files --stage -- /workspace/boilerplate-project-sudoku-solver/tests/1_unit-tests.js [2ms]
2024-06-01 00:10:34.416 [info] > git cat-file -s d13918921a3d6f4fe7c2e331a168ecd9b7d64e62 [2ms]
2024-06-01 00:10:34.472 [info] > git show --textconv :tests/1_unit-tests.js [3ms]
2024-06-01 00:10:38.223 [info] > git config --get commit.template [15ms]
2024-06-01 00:10:38.224 [info] > git for-each-ref --format=%(refname)%00%(upstream:short)%00%(objectname)%00%(upstream:track)%00%(upstream:remotename)%00%(upstream:remoteref) refs/heads/main refs/remotes/main [2ms]
2024-06-01 00:10:38.238 [warning] ENOENT: no such file or directory, open '/workspace/boilerplate-project-sudoku-solver/.git/refs/remotes/origin/main'
2024-06-01 00:10:38.239 [info] > git rev-parse refs/remotes/origin/main [2ms]
2024-06-01 00:10:38.255 [info] > git status -z -uall [2ms]
2024-06-01 00:11:35.683 [info] > git config --get commit.template [19ms]
2024-06-01 00:11:35.684 [info] > git for-each-ref --format=%(refname)%00%(upstream:short)%00%(objectname)%00%(upstream:track)%00%(upstream:remotename)%00%(upstream:remoteref) refs/heads/main refs/remotes/main [2ms]
2024-06-01 00:11:35.702 [warning] ENOENT: no such file or directory, open '/workspace/boilerplate-project-sudoku-solver/.git/refs/remotes/origin/main'
2024-06-01 00:11:35.704 [info] > git rev-parse refs/remotes/origin/main [2ms]
2024-06-01 00:11:35.722 [info] > git status -z -uall [3ms]
2024-06-01 00:11:40.755 [info] > git config --get commit.template [15ms]
2024-06-01 00:11:40.756 [info] > git for-each-ref --format=%(refname)%00%(upstream:short)%00%(objectname)%00%(upstream:track)%00%(upstream:remotename)%00%(upstream:remoteref) refs/heads/main refs/remotes/main [2ms]
2024-06-01 00:11:40.770 [warning] ENOENT: no such file or directory, open '/workspace/boilerplate-project-sudoku-solver/.git/refs/remotes/origin/main'
2024-06-01 00:11:40.772 [info] > git rev-parse refs/remotes/origin/main [2ms]
2024-06-01 00:11:40.790 [info] > git status -z -uall [3ms]
2024-06-01 00:11:45.825 [info] > git config --get commit.template [16ms]
2024-06-01 00:11:45.825 [info] > git for-each-ref --format=%(refname)%00%(upstream:short)%00%(objectname)%00%(upstream:track)%00%(upstream:remotename)%00%(upstream:remoteref) refs/heads/main refs/remotes/main [2ms]
2024-06-01 00:11:45.840 [warning] ENOENT: no such file or directory, open '/workspace/boilerplate-project-sudoku-solver/.git/refs/remotes/origin/main'
2024-06-01 00:11:45.842 [info] > git rev-parse refs/remotes/origin/main [2ms]
2024-06-01 00:11:45.859 [info] > git status -z -uall [2ms]
2024-06-01 00:11:55.053 [info] > git config --get commit.template [14ms]
2024-06-01 00:11:55.054 [info] > git for-each-ref --format=%(refname)%00%(upstream:short)%00%(objectname)%00%(upstream:track)%00%(upstream:remotename)%00%(upstream:remoteref) refs/heads/main refs/remotes/main [2ms]
2024-06-01 00:11:55.067 [warning] ENOENT: no such file or directory, open '/workspace/boilerplate-project-sudoku-solver/.git/refs/remotes/origin/main'
2024-06-01 00:11:55.069 [info] > git rev-parse refs/remotes/origin/main [2ms]
2024-06-01 00:11:55.085 [info] > git status -z -uall [2ms]
2024-06-01 00:12:22.437 [info] > git config --get commit.template [15ms]
2024-06-01 00:12:22.438 [info] > git for-each-ref --format=%(refname)%00%(upstream:short)%00%(objectname)%00%(upstream:track)%00%(upstream:remotename)%00%(upstream:remoteref) refs/heads/main refs/remotes/main [2ms]
2024-06-01 00:12:22.451 [warning] ENOENT: no such file or directory, open '/workspace/boilerplate-project-sudoku-solver/.git/refs/remotes/origin/main'
2024-06-01 00:12:22.453 [info] > git rev-parse refs/remotes/origin/main [2ms]
2024-06-01 00:12:22.469 [info] > git status -z -uall [3ms]
2024-06-01 00:13:37.209 [info] > git config --local branch.main.github-pr-owner-number [2ms]
2024-06-01 00:13:37.209 [warning] git config failed: Failed to execute git
2024-06-01 00:14:36.239 [info] > git show --textconv :controllers/sudoku-solver.js [15ms]
2024-06-01 00:14:36.241 [info] > git ls-files --stage -- /workspace/boilerplate-project-sudoku-solver/controllers/sudoku-solver.js [3ms]
2024-06-01 00:14:36.260 [info] > git cat-file -s 0b8fdc19f451015f3110a9c4391541e4a720f07a [3ms]
2024-06-01 00:18:37.227 [info] > git config --local branch.main.github-pr-owner-number [2ms]
2024-06-01 00:18:37.227 [warning] git config failed: Failed to execute git
2024-06-01 00:23:37.246 [info] > git config --local branch.main.github-pr-owner-number [2ms]
2024-06-01 00:23:37.246 [warning] git config failed: Failed to execute git
2024-06-01 00:27:52.196 [info] > git show --textconv :routes/api.js [19ms]
2024-06-01 00:27:52.197 [info] > git ls-files --stage -- /workspace/boilerplate-project-sudoku-solver/routes/api.js [2ms]
2024-06-01 00:27:52.215 [info] > git cat-file -s 9cece279baee1fa799c4f1e3c8ab04bde7d13ca2 [2ms]
2024-06-01 00:28:37.266 [info] > git config --local branch.main.github-pr-owner-number [1ms]
2024-06-01 00:28:37.266 [warning] git config failed: Failed to execute git
2024-06-01 00:33:37.283 [info] > git config --local branch.main.github-pr-owner-number [2ms]
2024-06-01 00:33:37.283 [warning] git config failed: Failed to execute git
2024-06-01 00:38:37.305 [info] > git config --local branch.main.github-pr-owner-number [3ms]
2024-06-01 00:38:37.306 [warning] git config failed: Failed to execute git
2024-06-01 00:43:37.321 [info] > git config --local branch.main.github-pr-owner-number [2ms]
2024-06-01 00:43:37.322 [warning] git config failed: Failed to execute git
2024-06-01 00:45:37.085 [info] > git show --textconv :controllers/sudoku-solver.js [13ms]
2024-06-01 00:45:37.087 [info] > git ls-files --stage -- /workspace/boilerplate-project-sudoku-solver/controllers/sudoku-solver.js [2ms]
2024-06-01 00:45:37.100 [info] > git cat-file -s 0b8fdc19f451015f3110a9c4391541e4a720f07a [2ms]
2024-06-01 00:45:50.572 [info] > git show --textconv :routes/api.js [14ms]
2024-06-01 00:45:50.574 [info] > git ls-files --stage -- /workspace/boilerplate-project-sudoku-solver/routes/api.js [3ms]
2024-06-01 00:45:50.588 [info] > git cat-file -s 9cece279baee1fa799c4f1e3c8ab04bde7d13ca2 [2ms]
2024-06-01 00:48:37.341 [info] > git config --local branch.main.github-pr-owner-number [2ms]
2024-06-01 00:48:37.341 [warning] git config failed: Failed to execute git
2024-06-01 00:53:37.359 [info] > git config --local branch.main.github-pr-owner-number [1ms]
2024-06-01 00:53:37.359 [warning] git config failed: Failed to execute git
2024-06-01 00:58:37.377 [info] > git config --local branch.main.github-pr-owner-number [1ms]
2024-06-01 00:58:37.377 [warning] git config failed: Failed to execute git
2024-06-01 01:03:37.393 [info] > git config --local branch.main.github-pr-owner-number [1ms]
2024-06-01 01:03:37.393 [warning] git config failed: Failed to execute git
2024-06-01 01:08:37.410 [info] > git config --local branch.main.github-pr-owner-number [2ms]
2024-06-01 01:08:37.410 [warning] git config failed: Failed to execute git
2024-06-01 01:13:37.428 [info] > git config --local branch.main.github-pr-owner-number [1ms]
2024-06-01 01:13:37.428 [warning] git config failed: Failed to execute git
2024-06-01 01:18:37.442 [info] > git config --local branch.main.github-pr-owner-number [1ms]
2024-06-01 01:18:37.443 [warning] git config failed: Failed to execute git
