2024-05-31 23:48:35.722 [info] Log level: Info
2024-05-31 23:48:35.722 [info] VSCODE_MACHINE_ID: eb067cd3-38e1-4948-b839-b9b33b74c166
2024-05-31 23:48:35.722 [info] VSCODE_SESSION_ID: 1a74c296-029b-4dd5-9b4c-636677e17c1b1717199312253
2024-05-31 23:48:35.722 [info] VSCODE_VERSION: 1.89.1
2024-05-31 23:48:35.722 [info] VSCODE_APP_NAME: Gitpod Code
2024-05-31 23:48:35.722 [info] VSCODE_APP_HOST: Gitpod
2024-05-31 23:48:35.722 [info] VSCODE_UI_KIND: web
2024-05-31 23:48:35.722 [info] GITPOD_WORKSPACE_CONTEXT_URL: https://github.com/freecodecamp/boilerplate-project-sudoku-solver
2024-05-31 23:48:35.722 [info] GITPOD_INSTANCE_ID: f5739f3c-06d8-409b-842b-614defe83258
2024-05-31 23:48:35.722 [info] GITPOD_WORKSPACE_URL: https://freecodecam-boilerplate-1kdcrwiw6un.ws-us114.gitpod.io
2024-05-31 23:48:35.722 [info] Gitpod Web 7ff72a2
2024-05-31 23:48:35.722 [info] Reading sessions from keychain...
2024-05-31 23:48:35.749 [info] Getting sessions for all scopes...
2024-05-31 23:48:35.749 [info] Getting GitHub sessions for all scopes...
2024-05-31 23:48:35.749 [info] Getting sessions for function:accessCodeSyncStorage...
2024-05-31 23:48:35.749 [info] Got stored sessions!
2024-05-31 23:48:35.749 [info] Verified session with the following scopes: function:accessCodeSyncStorage function:closePort function:controlAdmission function:deleteEnvVar function:generateNewGitpodToken function:getDefaultWorkspaceImage function:getEnvVars function:getGitpodTokenScopes function:getIDToken function:getLoggedInUser function:getOpenPorts function:getSupportedWorkspaceClasses function:getTeams function:getToken function:getWorkspace function:getWorkspaceEnvVars function:getWorkspaceOwner function:getWorkspaceTimeout function:getWorkspaceUsers function:guessGitTokenScopes function:isWorkspaceOwner function:openPort function:sendHeartBeat function:setEnvVar function:setWorkspaceTimeout function:stopWorkspace function:takeSnapshot function:trackEvent function:updateGitStatus function:waitForSnapshot resource:contentBlob::*::create/get resource:envVar::freeCodeCamp/boilerplate-project-sudoku-solver::create/get/update/delete resource:gitpodToken::*::create resource:snapshot::ws-freecodecam-boilerplate-1kdcrwiw6un::create resource:token::*::get resource:userStorage::*::create/get/update resource:workspace::freecodecam-boilerplate-1kdcrwiw6un::get/update resource:workspaceInstance::f5739f3c-06d8-409b-842b-614defe83258::get/update/delete
2024-05-31 23:48:35.749 [info] Got 1 verified sessions.
2024-05-31 23:48:35.749 [info] Got 1 sessions for all scopes...
2024-05-31 23:48:35.750 [info] Got 1 sessions for function:accessCodeSyncStorage...
2024-05-31 23:48:35.961 [info] Getting sessions for all scopes...
2024-05-31 23:48:35.961 [info] Got 1 sessions for all scopes...
2024-05-31 23:48:36.041 [info] Getting GitHub sessions for all scopes...
2024-05-31 23:48:36.057 [info] Got 1 GitHub sessions for all scopes...
2024-05-31 23:48:36.057 [info] Got 1 GitHub sessions for all scopes...
2024-05-31 23:48:36.494 [info] Getting GitHub sessions for all scopes...
2024-05-31 23:48:36.494 [info] Got 1 GitHub sessions for all scopes...
2024-05-31 23:48:36.537 [info] Getting GitHub sessions for read:user,repo,user:email,workflow...
2024-05-31 23:48:36.538 [info] Got 0 GitHub sessions for read:user,repo,user:email,workflow...
2024-05-31 23:48:36.640 [info] Getting GitHub sessions for project,read:org,read:user,repo,user:email,workflow...
2024-05-31 23:48:36.640 [info] Got 0 GitHub sessions for project,read:org,read:user,repo,user:email,workflow...
2024-05-31 23:48:36.838 [info] Getting GitHub sessions for read:user,repo,user:email,workflow...
2024-05-31 23:48:36.838 [info] Got 0 GitHub sessions for read:user,repo,user:email,workflow...
2024-05-31 23:48:36.944 [info] Getting GitHub sessions for read:user,repo,user:email...
2024-05-31 23:48:36.944 [info] Got 1 GitHub sessions for read:user,repo,user:email...
2024-06-01 01:22:10.486 [error] cannot maintain connection to supervisor 13 INTERNAL: closed
2024-06-01 01:22:11.488 [error] cannot maintain connection to supervisor 13 INTERNAL: closed
2024-06-01 01:22:12.489 [error] cannot maintain connection to supervisor 13 INTERNAL: closed
2024-06-01 01:22:13.491 [error] cannot maintain connection to supervisor 13 INTERNAL: closed
2024-06-01 01:22:14.494 [error] cannot maintain connection to supervisor 13 INTERNAL: closed
2024-06-01 01:22:15.497 [error] cannot maintain connection to supervisor 13 INTERNAL: closed
2024-06-01 01:22:16.498 [error] cannot maintain connection to supervisor 13 INTERNAL: closed
2024-06-01 01:22:17.501 [error] cannot maintain connection to supervisor 13 INTERNAL: closed
2024-06-01 01:22:18.503 [error] cannot maintain connection to supervisor 13 INTERNAL: closed
2024-06-01 01:22:19.505 [error] cannot maintain connection to supervisor 13 INTERNAL: closed
2024-06-01 01:22:20.507 [error] cannot maintain connection to supervisor 13 INTERNAL: closed
2024-06-01 01:22:21.509 [error] cannot maintain connection to supervisor 13 INTERNAL: closed
2024-06-01 01:22:22.511 [error] cannot maintain connection to supervisor 13 INTERNAL: closed
2024-06-01 01:22:23.513 [error] cannot maintain connection to supervisor 13 INTERNAL: closed
