2024-06-01 20:16:39.211 [info] Extension host with pid 137 started
2024-06-01 20:16:39.211 [error] Error: EEXIST: file already exists, open '/workspace/.vscode-remote/data/User/workspaceStorage/-5abff5e0/vscode.lock'
2024-06-01 20:16:39.214 [info] Lock '/workspace/.vscode-remote/data/User/workspaceStorage/-5abff5e0/vscode.lock': Could not acquire lock, checking if the file is stale.
2024-06-01 20:16:39.215 [info] Lock '/workspace/.vscode-remote/data/User/workspaceStorage/-5abff5e0/vscode.lock': The pid 135 appears to be gone.
2024-06-01 20:16:39.215 [info] Lock '/workspace/.vscode-remote/data/User/workspaceStorage/-5abff5e0/vscode.lock': Deleting a stale lock.
2024-06-01 20:16:39.217 [info] Lock '/workspace/.vscode-remote/data/User/workspaceStorage/-5abff5e0/vscode.lock': Lock acquired.
2024-06-01 20:16:39.308 [info] ExtensionService#_doActivateExtension vscode.typescript-language-features, startup: false, activationEvent: 'onLanguage:javascript'
2024-06-01 20:16:39.309 [info] ExtensionService#_doActivateExtension vscode.emmet, startup: false, activationEvent: 'onLanguage'
2024-06-01 20:16:39.309 [info] ExtensionService#_doActivateExtension vscode.simple-browser, startup: false, activationEvent: 'onWebviewPanel:simpleBrowser.view'
2024-06-01 20:16:39.542 [info] ExtensionService#_doActivateExtension vscode.git-base, startup: true, activationEvent: '*', root cause: vscode.git
2024-06-01 20:16:39.543 [info] ExtensionService#_doActivateExtension gitpod.gitpod-web, startup: true, activationEvent: '*'
2024-06-01 20:16:39.744 [info] ExtensionService#_doActivateExtension vscode.npm, startup: true, activationEvent: 'workspaceContains:package.json'
2024-06-01 20:16:39.918 [info] ExtensionService#_doActivateExtension vscode.git, startup: true, activationEvent: '*'
2024-06-01 20:16:39.918 [info] ExtensionService#_doActivateExtension vscode.github, startup: true, activationEvent: '*'
2024-06-01 20:16:40.998 [info] Eager extensions activated
2024-06-01 20:16:40.999 [info] ExtensionService#_doActivateExtension vscode.debug-auto-launch, startup: false, activationEvent: 'onStartupFinished'
2024-06-01 20:16:41.000 [info] ExtensionService#_doActivateExtension vscode.merge-conflict, startup: false, activationEvent: 'onStartupFinished'
2024-06-01 20:16:41.000 [info] ExtensionService#_doActivateExtension vscode.github-authentication, startup: false, activationEvent: 'onStartupFinished', root cause: GitHub.vscode-pull-request-github
2024-06-01 20:16:42.423 [info] ExtensionService#_doActivateExtension GitHub.vscode-pull-request-github, startup: false, activationEvent: 'onStartupFinished'
2024-06-01 20:16:42.926 [info] ExtensionService#_doActivateExtension redhat.vscode-yaml, startup: false, activationEvent: 'onLanguage:yaml'
2024-06-01 20:16:44.306 [warning] [redhat.vscode-yaml] Accessing a resource scoped configuration without providing a resource is not expected. To get the effective value for '[yaml]', provide the URI of a resource or 'null' for any resource.
2024-06-01 20:16:44.309 [warning] [redhat.vscode-yaml] Accessing a resource scoped configuration without providing a resource is not expected. To get the effective value for '[yaml]', provide the URI of a resource or 'null' for any resource.
