2024-06-01 05:15:43.136 [info] Log level: Info
2024-06-01 05:15:43.136 [info] VSCODE_MACHINE_ID: eb067cd3-38e1-4948-b839-b9b33b74c166
2024-06-01 05:15:43.136 [info] VSCODE_SESSION_ID: f2681ea0-cbb3-4dc8-b0b0-b50b8575b6c31717218940196
2024-06-01 05:15:43.136 [info] VSCODE_VERSION: 1.89.1
2024-06-01 05:15:43.136 [info] VSCODE_APP_NAME: Gitpod Code
2024-06-01 05:15:43.136 [info] VSCODE_APP_HOST: Gitpod
2024-06-01 05:15:43.136 [info] VSCODE_UI_KIND: web
2024-06-01 05:15:43.136 [info] GITPOD_WORKSPACE_CONTEXT_URL: https://github.com/freecodecamp/boilerplate-project-sudoku-solver
2024-06-01 05:15:43.136 [info] GITPOD_INSTANCE_ID: 72dc89de-82b4-43ff-a497-cab49eec8947
2024-06-01 05:15:43.136 [info] GITPOD_WORKSPACE_URL: https://freecodecam-boilerplate-1kdcrwiw6un.ws-us114.gitpod.io
2024-06-01 05:15:43.136 [info] Gitpod Web 7ff72a2
2024-06-01 05:15:43.136 [info] Reading sessions from keychain...
2024-06-01 05:15:43.357 [info] Getting sessions for all scopes...
2024-06-01 05:15:43.357 [info] Getting GitHub sessions for all scopes...
2024-06-01 05:15:43.357 [info] Getting sessions for function:accessCodeSyncStorage...
2024-06-01 05:15:43.359 [info] Got stored sessions!
2024-06-01 05:15:43.359 [info] Verified session with the following scopes: function:accessCodeSyncStorage function:closePort function:controlAdmission function:deleteEnvVar function:generateNewGitpodToken function:getDefaultWorkspaceImage function:getEnvVars function:getGitpodTokenScopes function:getIDToken function:getLoggedInUser function:getOpenPorts function:getSupportedWorkspaceClasses function:getTeams function:getToken function:getWorkspace function:getWorkspaceEnvVars function:getWorkspaceOwner function:getWorkspaceTimeout function:getWorkspaceUsers function:guessGitTokenScopes function:isWorkspaceOwner function:openPort function:sendHeartBeat function:setEnvVar function:setWorkspaceTimeout function:stopWorkspace function:takeSnapshot function:trackEvent function:updateGitStatus function:waitForSnapshot resource:contentBlob::*::create/get resource:envVar::freeCodeCamp/boilerplate-project-sudoku-solver::create/get/update/delete resource:gitpodToken::*::create resource:snapshot::ws-freecodecam-boilerplate-1kdcrwiw6un::create resource:token::*::get resource:userStorage::*::create/get/update resource:workspace::freecodecam-boilerplate-1kdcrwiw6un::get/update resource:workspaceInstance::72dc89de-82b4-43ff-a497-cab49eec8947::get/update/delete
2024-06-01 05:15:43.362 [info] Got 1 verified sessions.
2024-06-01 05:15:43.362 [info] Got 1 sessions for all scopes...
2024-06-01 05:15:43.362 [info] Got 1 sessions for function:accessCodeSyncStorage...
2024-06-01 05:15:43.839 [info] Got 1 GitHub sessions for all scopes...
2024-06-01 05:15:43.944 [info] Getting GitHub sessions for all scopes...
2024-06-01 05:15:43.944 [info] Got 1 GitHub sessions for all scopes...
2024-06-01 05:15:44.453 [info] Getting sessions for all scopes...
2024-06-01 05:15:44.453 [info] Got 1 sessions for all scopes...
2024-06-01 05:15:44.457 [info] Getting GitHub sessions for all scopes...
2024-06-01 05:15:44.457 [info] Got 1 GitHub sessions for all scopes...
2024-06-01 05:15:44.566 [info] Getting GitHub sessions for read:user,repo,user:email,workflow...
2024-06-01 05:15:44.566 [info] Got 0 GitHub sessions for read:user,repo,user:email,workflow...
2024-06-01 05:15:44.834 [info] Getting GitHub sessions for project,read:org,read:user,repo,user:email,workflow...
2024-06-01 05:15:44.834 [info] Got 0 GitHub sessions for project,read:org,read:user,repo,user:email,workflow...
2024-06-01 05:15:44.970 [info] Getting GitHub sessions for read:user,repo,user:email,workflow...
2024-06-01 05:15:44.970 [info] Got 0 GitHub sessions for read:user,repo,user:email,workflow...
2024-06-01 05:15:45.134 [info] Getting GitHub sessions for read:user,repo,user:email...
2024-06-01 05:15:45.134 [info] Got 1 GitHub sessions for read:user,repo,user:email...
2024-06-01 07:21:46.805 [error] cannot maintain connection to supervisor 13 INTERNAL: closed
2024-06-01 07:21:47.806 [error] cannot maintain connection to supervisor 13 INTERNAL: closed
2024-06-01 07:21:48.807 [error] cannot maintain connection to supervisor 13 INTERNAL: closed
2024-06-01 07:21:49.809 [error] cannot maintain connection to supervisor 13 INTERNAL: closed
2024-06-01 07:21:50.811 [error] cannot maintain connection to supervisor 13 INTERNAL: closed
2024-06-01 07:21:51.812 [error] cannot maintain connection to supervisor 13 INTERNAL: closed
2024-06-01 07:21:52.813 [error] cannot maintain connection to supervisor 13 INTERNAL: closed
2024-06-01 07:21:53.815 [error] cannot maintain connection to supervisor 13 INTERNAL: closed
2024-06-01 07:21:54.817 [error] cannot maintain connection to supervisor 13 INTERNAL: closed
2024-06-01 07:21:55.819 [error] cannot maintain connection to supervisor 13 INTERNAL: closed
2024-06-01 07:21:56.821 [error] cannot maintain connection to supervisor 13 INTERNAL: closed
2024-06-01 07:21:57.823 [error] cannot maintain connection to supervisor 13 INTERNAL: closed
2024-06-01 07:21:58.825 [error] cannot maintain connection to supervisor 13 INTERNAL: closed
2024-06-01 07:21:59.827 [error] cannot maintain connection to supervisor 13 INTERNAL: closed
